Mon Dec 12 13:20:35 CET 2022
./txl/java-extract-functions.x ALL.java >> systems/To_Analyze_functions.xml
[systems/To_Analyze/log4j-api-java9/src/main/java/module-info.java, java-extract-functions.txl] : TXL0192E line 17 of systems/To_Analyze/log4j-api-java9/src/main/java/module-info.java - Syntax error at or near:
	module org >>> . <<< apache . logging . log4j 
[systems/To_Analyze/log4j-api-java9/src/test/java/module-info.java, java-extract-functions.txl] : TXL0192E line 17 of systems/To_Analyze/log4j-api-java9/src/test/java/module-info.java - Syntax error at or near:
	open module >>> org <<< . apache . logging . 
[systems/To_Analyze/log4j-core/src/test/java/org/apache/logging/log4j/core/appender/mom/kafka/KafkaAppenderCloseTimeoutTest.java, java-extract-functions.txl] : TXL0192E line 55 of systems/To_Analyze/log4j-core/src/test/java/org/apache/logging/log4j/core/appender/mom/kafka/KafkaAppenderCloseTimeoutTest.java - Syntax error at or near:
	KafkaManager . producerFactory = config >>> -> <<< kafka ; } @ Rule 
[systems/To_Analyze/log4j-core/src/test/java/org/apache/logging/log4j/core/appender/mom/kafka/KafkaAppenderTest.java, java-extract-functions.txl] : TXL0192E line 95 of systems/To_Analyze/log4j-core/src/test/java/org/apache/logging/log4j/core/appender/mom/kafka/KafkaAppenderTest.java - Syntax error at or near:
	KafkaManager . producerFactory = config >>> -> <<< kafka ; } @ Rule 
[systems/To_Analyze/log4j-layout-template-json/src/main/java/org/apache/logging/log4j/layout/template/json/resolver/PatternResolver.java, java-extract-functions.txl] : TXL0192E line 75 of systems/To_Analyze/log4j-layout-template-json/src/main/java/org/apache/logging/log4j/layout/template/json/resolver/PatternResolver.java - Syntax error at or near:
	this . emitter = ( >>> final <<< StringBuilder stringBuilder , final LogEvent 
[systems/To_Analyze/log4j-layout-template-json/src/main/java/org/apache/logging/log4j/layout/template/json/util/RecyclerFactories.java, java-extract-functions.txl] : TXL0192E line 68 of systems/To_Analyze/log4j-layout-template-json/src/main/java/org/apache/logging/log4j/layout/template/json/util/RecyclerFactories.java - Syntax error at or near:
	( defaultCapacity ) : ( >>> ) <<< -> new ArrayBlockingQueue < > 
[systems/To_Analyze/log4j-layout-template-json/src/test/java/org/apache/logging/log4j/layout/template/json/JsonTemplateLayoutTest.java, java-extract-functions.txl] : TXL0192E line 784 of systems/To_Analyze/log4j-layout-template-json/src/test/java/org/apache/logging/log4j/layout/template/json/JsonTemplateLayoutTest.java - Syntax error at or near:
	) { try { throwException_à >>> ® <<< … à ® † à 

Mon Dec 12 13:25:37 CET 2022

Mon Dec 12 13:25:37 CET 2022
./tools/clonepairs.x systems/To_Analyze_functions.xml 0.00 10 2500 > systems/To_Analyze_functions-clones/To_Analyze_functions-clones-0.00.xml
Processing systems/To_Analyze_functions.xml with difference threshold 0%, clone size 10 .. 2500 lines
Reading pcs ................. done.
Total 16465/6000000 potential clones of 10 lines or more
Used 50731/100000000 total pc lines
Used 5869881/600000000 unique line text chars
 and 70899/12000000 unique lines
Sorting pcs ................... done.
Finding clones ................ done.
Total 345790 pc comparisons
Pruning embedded clone pairs .. done.
Pruned 0 embedded clone pairs
Found 95 clone pairs
Generating XML output . done.


real	0m13.248s
user	0m0.301s
sys	0m1.204s

Mon Dec 12 13:25:50 CET 2022

Mon Dec 12 13:25:50 CET 2022
./tools/cloneclasses.x systems/To_Analyze_functions-clones/To_Analyze_functions-clones-0.00.xml > systems/To_Analyze_functions-clones/To_Analyze_functions-clones-0.00-classes.xml
Processing systems/To_Analyze_functions-clones/To_Analyze_functions-clones-0.00.xml
Reading clone pairs . done.
Total 95 pairs
Sorting pairs . done.
Indexing pairs . done.
Computing classes . done.
Clustered clone pairs into 70 classes
Generating XML output . done.


real	0m0.198s
user	0m0.012s
sys	0m0.038s

Mon Dec 12 13:25:51 CET 2022

Mon Dec 12 13:25:51 CET 2022
./tools/getsource.x systems/To_Analyze_functions-clones/To_Analyze_functions-clones-0.00-classes.xml systems/To_Analyze_functions-clones/To_Analyze_functions-clones-0.00-classes-withsource.xml
systems/To_Analyze_functions-clones/To_Analyze_functions-clones-0.00-classes.xml

real	0m8.041s
user	0m0.029s
sys	0m0.694s

Mon Dec 12 13:25:59 CET 2022

Mon Dec 12 13:25:59 CET 2022
./tools/tohtmlpairs.x systems/To_Analyze_functions-clones/To_Analyze_functions-clones-0.00-classes-withsource.xml systems/To_Analyze_functions-clones/To_Analyze_functions-clones-0.00-classes-withsource.html
functions
0%

real	0m0.886s
user	0m0.029s
sys	0m0.071s

Mon Dec 12 13:26:00 CET 2022

