2022.12.07 09:56:51 INFO  ce[][o.s.p.ProcessEntryPoint] Starting Compute Engine
2022.12.07 09:56:51 INFO  ce[][o.s.ce.app.CeServer] Compute Engine starting up...
2022.12.07 09:56:53 INFO  ce[][o.sonar.db.Database] Create JDBC data source for jdbc:h2:tcp://127.0.0.1:9092/sonar;NON_KEYWORDS=VALUE
2022.12.07 09:56:53 INFO  ce[][c.z.h.HikariDataSource] HikariPool-1 - Starting...
2022.12.07 09:56:53 INFO  ce[][c.z.h.p.HikariPool] HikariPool-1 - Added connection conn0: url=jdbc:h2:tcp://127.0.0.1:9092/sonar user=
2022.12.07 09:56:53 INFO  ce[][c.z.h.HikariDataSource] HikariPool-1 - Start completed.
2022.12.07 09:56:53 WARN  ce[][o.s.db.dialect.H2] H2 database should be used for evaluation purpose only.
2022.12.07 09:56:57 INFO  ce[][o.s.s.p.ServerFileSystemImpl] SonarQube home: D:\Download\sonarqube-9.7.1.62043
2022.12.07 09:56:58 INFO  ce[][o.s.c.c.CePluginRepository] Load plugins
2022.12.07 09:57:02 INFO  ce[][o.s.c.c.ComputeEngineContainerImpl] Running Community edition
2022.12.07 09:57:02 INFO  ce[][o.s.ce.app.CeServer] Compute Engine is started
2022.12.07 10:02:57 INFO  ce[][o.s.p.ProcessEntryPoint] Gracefully stopping process
2022.12.07 10:02:57 INFO  ce[][o.s.ce.app.CeServer] Compute Engine is stopping...
2022.12.07 10:02:57 INFO  ce[][o.s.c.t.CeProcessingSchedulerImpl] Gracefully stopping workers...
2022.12.07 10:02:57 INFO  ce[][c.z.h.HikariDataSource] HikariPool-1 - Shutdown initiated...
2022.12.07 10:02:57 INFO  ce[][c.z.h.HikariDataSource] HikariPool-1 - Shutdown completed.
2022.12.07 10:02:57 INFO  ce[][o.s.ce.app.CeServer] Compute Engine is stopped
2022.12.07 10:06:35 INFO  ce[][o.s.p.ProcessEntryPoint] Starting Compute Engine
2022.12.07 10:06:35 INFO  ce[][o.s.ce.app.CeServer] Compute Engine starting up...
2022.12.07 10:06:36 INFO  ce[][o.sonar.db.Database] Create JDBC data source for jdbc:h2:tcp://127.0.0.1:9092/sonar;NON_KEYWORDS=VALUE
2022.12.07 10:06:36 INFO  ce[][c.z.h.HikariDataSource] HikariPool-1 - Starting...
2022.12.07 10:06:36 INFO  ce[][c.z.h.p.HikariPool] HikariPool-1 - Added connection conn0: url=jdbc:h2:tcp://127.0.0.1:9092/sonar user=
2022.12.07 10:06:36 INFO  ce[][c.z.h.HikariDataSource] HikariPool-1 - Start completed.
2022.12.07 10:06:36 WARN  ce[][o.s.db.dialect.H2] H2 database should be used for evaluation purpose only.
2022.12.07 10:06:39 INFO  ce[][o.s.s.p.ServerFileSystemImpl] SonarQube home: C:\Users\panne\Progetto-evoluzione-qualita-del-Software\tools\sonarqube
2022.12.07 10:06:40 INFO  ce[][o.s.c.c.CePluginRepository] Load plugins
2022.12.07 10:06:44 INFO  ce[][o.s.c.c.ComputeEngineContainerImpl] Running Community edition
2022.12.07 10:06:44 INFO  ce[][o.s.ce.app.CeServer] Compute Engine is started
2022.12.07 10:47:48 INFO  ce[][o.s.c.t.CeWorkerImpl] Execute task | project=To_Analyze | type=REPORT | id=AYTr-_D0Lapr8vevQ2Qo
2022.12.07 10:48:24 INFO  ce[AYTr-_D0Lapr8vevQ2Qo][o.s.c.t.s.ComputationStepExecutor] Extract report | status=SUCCESS | time=34595ms
2022.12.07 10:48:24 INFO  ce[AYTr-_D0Lapr8vevQ2Qo][o.s.c.t.s.ComputationStepExecutor] Persist scanner context | status=SUCCESS | time=17ms
2022.12.07 10:48:24 INFO  ce[AYTr-_D0Lapr8vevQ2Qo][o.s.c.t.s.ComputationStepExecutor] Propagate analysis warnings from scanner report | status=SUCCESS | time=28ms
2022.12.07 10:48:24 INFO  ce[AYTr-_D0Lapr8vevQ2Qo][o.s.c.t.s.ComputationStepExecutor] Generate analysis UUID | status=SUCCESS | time=0ms
2022.12.07 10:48:24 INFO  ce[AYTr-_D0Lapr8vevQ2Qo][o.s.c.t.s.ComputationStepExecutor] Load analysis metadata | status=SUCCESS | time=128ms
2022.12.07 10:48:24 INFO  ce[AYTr-_D0Lapr8vevQ2Qo][o.s.c.t.s.ComputationStepExecutor] Initialize | status=SUCCESS | time=0ms
2022.12.07 10:48:28 INFO  ce[AYTr-_D0Lapr8vevQ2Qo][o.s.c.t.s.ComputationStepExecutor] Build tree of components | components=3564 | status=SUCCESS | time=3647ms
2022.12.07 10:48:28 INFO  ce[AYTr-_D0Lapr8vevQ2Qo][o.s.c.t.s.ComputationStepExecutor] Validate project | status=SUCCESS | time=14ms
2022.12.07 10:48:28 INFO  ce[AYTr-_D0Lapr8vevQ2Qo][o.s.s.e.EsClientProvider] Connected to local Elasticsearch: [http://kubernetes.docker.internal:9001]
2022.12.07 10:48:33 INFO  ce[AYTr-_D0Lapr8vevQ2Qo][o.s.c.t.s.ComputationStepExecutor] Load quality profiles | status=SUCCESS | time=4286ms
2022.12.07 10:48:33 INFO  ce[AYTr-_D0Lapr8vevQ2Qo][o.s.c.t.s.ComputationStepExecutor] Load file hashes and statuses | status=SUCCESS | time=7ms
2022.12.07 10:48:33 INFO  ce[AYTr-_D0Lapr8vevQ2Qo][o.s.c.t.s.ComputationStepExecutor] Load Quality gate | status=SUCCESS | time=17ms
2022.12.07 10:48:33 INFO  ce[AYTr-_D0Lapr8vevQ2Qo][o.s.c.t.s.ComputationStepExecutor] Load new code period | status=SUCCESS | time=11ms
2022.12.07 10:48:33 INFO  ce[AYTr-_D0Lapr8vevQ2Qo][o.s.c.t.s.ComputationStepExecutor] Detect file moves | status=SUCCESS | time=0ms
2022.12.07 10:48:35 INFO  ce[AYTr-_D0Lapr8vevQ2Qo][o.s.c.t.s.ComputationStepExecutor] Load duplications | duplications=776 | status=SUCCESS | time=2105ms
2022.12.07 10:48:35 INFO  ce[AYTr-_D0Lapr8vevQ2Qo][o.s.c.t.s.ComputationStepExecutor] Compute cross project duplications | status=SUCCESS | time=0ms
2022.12.07 10:48:38 INFO  ce[AYTr-_D0Lapr8vevQ2Qo][o.s.c.t.s.ComputationStepExecutor] Compute size measures | status=SUCCESS | time=3278ms
2022.12.07 10:48:38 INFO  ce[AYTr-_D0Lapr8vevQ2Qo][o.s.c.t.s.ComputationStepExecutor] Compute new coverage | status=SUCCESS | time=55ms
2022.12.07 10:48:41 INFO  ce[AYTr-_D0Lapr8vevQ2Qo][o.s.c.t.s.ComputationStepExecutor] Compute coverage measures | status=SUCCESS | time=2404ms
2022.12.07 10:48:41 INFO  ce[AYTr-_D0Lapr8vevQ2Qo][o.s.c.t.s.ComputationStepExecutor] Compute comment measures | status=SUCCESS | time=80ms
2022.12.07 10:48:41 INFO  ce[AYTr-_D0Lapr8vevQ2Qo][o.s.c.t.s.ComputationStepExecutor] Compute duplication measures | status=SUCCESS | time=51ms
2022.12.07 10:48:41 INFO  ce[AYTr-_D0Lapr8vevQ2Qo][o.s.c.t.s.ComputationStepExecutor] Compute size measures on new code | status=SUCCESS | time=15ms
2022.12.07 10:48:41 INFO  ce[AYTr-_D0Lapr8vevQ2Qo][o.s.c.t.s.ComputationStepExecutor] Compute language distribution | status=SUCCESS | time=110ms
2022.12.07 10:48:41 INFO  ce[AYTr-_D0Lapr8vevQ2Qo][o.s.c.t.s.ComputationStepExecutor] Compute test measures | status=SUCCESS | time=39ms
2022.12.07 10:48:41 INFO  ce[AYTr-_D0Lapr8vevQ2Qo][o.s.c.t.s.ComputationStepExecutor] Compute complexity measures | status=SUCCESS | time=64ms
2022.12.07 10:48:41 INFO  ce[AYTr-_D0Lapr8vevQ2Qo][o.s.c.t.s.ComputationStepExecutor] Load measure computers | status=SUCCESS | time=6ms
2022.12.07 10:48:41 INFO  ce[AYTr-_D0Lapr8vevQ2Qo][o.s.c.t.s.ComputationStepExecutor] Compute Quality Profile status | status=SUCCESS | time=11ms
2022.12.07 10:49:08 INFO  ce[AYTr-_D0Lapr8vevQ2Qo][o.s.c.t.s.ComputationStepExecutor] Execute component visitors | status=SUCCESS | time=25975ms
2022.12.07 10:49:08 INFO  ce[AYTr-_D0Lapr8vevQ2Qo][o.s.c.t.s.ComputationStepExecutor] Checks executed after computation of measures | status=SUCCESS | time=1ms
2022.12.07 10:49:08 INFO  ce[AYTr-_D0Lapr8vevQ2Qo][o.s.c.t.s.ComputationStepExecutor] Compute Quality Gate measures | status=SUCCESS | time=15ms
2022.12.07 10:49:08 INFO  ce[AYTr-_D0Lapr8vevQ2Qo][o.s.c.t.s.ComputationStepExecutor] Compute Quality profile measures | status=SUCCESS | time=22ms
2022.12.07 10:49:08 INFO  ce[AYTr-_D0Lapr8vevQ2Qo][o.s.c.t.s.ComputationStepExecutor] Generate Quality profile events | status=SUCCESS | time=3ms
2022.12.07 10:49:08 INFO  ce[AYTr-_D0Lapr8vevQ2Qo][o.s.c.t.s.ComputationStepExecutor] Generate Quality gate events | status=SUCCESS | time=2ms
2022.12.07 10:49:08 INFO  ce[AYTr-_D0Lapr8vevQ2Qo][o.s.c.t.s.ComputationStepExecutor] Check upgrade possibility for not analyzed code files. | status=SUCCESS | time=3ms
2022.12.07 10:49:08 INFO  ce[AYTr-_D0Lapr8vevQ2Qo][o.s.c.t.s.ComputationStepExecutor] Persist scanner analysis cache | status=SUCCESS | time=16ms
2022.12.07 10:49:11 INFO  ce[AYTr-_D0Lapr8vevQ2Qo][o.s.c.t.s.ComputationStepExecutor] Persist components | status=SUCCESS | time=3030ms
2022.12.07 10:49:11 INFO  ce[AYTr-_D0Lapr8vevQ2Qo][o.s.c.t.s.ComputationStepExecutor] Persist analysis | status=SUCCESS | time=13ms
2022.12.07 10:49:11 INFO  ce[AYTr-_D0Lapr8vevQ2Qo][o.s.c.t.s.ComputationStepExecutor] Persist analysis properties | status=SUCCESS | time=47ms
2022.12.07 10:49:11 INFO  ce[AYTr-_D0Lapr8vevQ2Qo][o.s.c.t.s.ComputationStepExecutor] Persist measures | inserts=51 | status=SUCCESS | time=96ms
2022.12.07 10:49:47 INFO  ce[AYTr-_D0Lapr8vevQ2Qo][o.s.c.t.s.ComputationStepExecutor] Persist live measures | insertsOrUpdates=100044 | status=SUCCESS | time=36128ms
2022.12.07 10:49:48 INFO  ce[AYTr-_D0Lapr8vevQ2Qo][o.s.c.t.s.ComputationStepExecutor] Persist duplication data | insertsOrUpdates=404 | status=SUCCESS | time=518ms
2022.12.07 10:49:48 INFO  ce[AYTr-_D0Lapr8vevQ2Qo][o.s.c.t.s.ComputationStepExecutor] Persist new ad hoc Rules | status=SUCCESS | time=1ms
2022.12.07 10:49:50 INFO  ce[AYTr-_D0Lapr8vevQ2Qo][o.s.c.t.s.ComputationStepExecutor] Persist issues | cacheSize=3.3 MB | inserts=7238 | updates=0 | merged=0 | status=SUCCESS | time=2914ms
2022.12.07 10:49:50 INFO  ce[AYTr-_D0Lapr8vevQ2Qo][o.s.c.t.s.ComputationStepExecutor] Delete issue changes | changes=0 | status=SUCCESS | time=0ms
2022.12.07 10:49:50 INFO  ce[AYTr-_D0Lapr8vevQ2Qo][o.s.c.t.s.ComputationStepExecutor] Persist project links | status=SUCCESS | time=14ms
2022.12.07 10:49:50 INFO  ce[AYTr-_D0Lapr8vevQ2Qo][o.s.c.t.s.ComputationStepExecutor] Persist events | status=SUCCESS | time=7ms
2022.12.07 10:50:15 INFO  ce[AYTr-_D0Lapr8vevQ2Qo][o.s.c.t.s.ComputationStepExecutor] Persist sources | status=SUCCESS | time=24715ms
2022.12.07 10:50:15 INFO  ce[AYTr-_D0Lapr8vevQ2Qo][o.s.c.t.s.ComputationStepExecutor] Persist cross project duplications | status=SUCCESS | time=0ms
2022.12.07 10:50:15 INFO  ce[AYTr-_D0Lapr8vevQ2Qo][o.s.c.t.s.ComputationStepExecutor] Enable analysis | status=SUCCESS | time=73ms
2022.12.07 10:50:15 INFO  ce[AYTr-_D0Lapr8vevQ2Qo][o.s.c.t.s.ComputationStepExecutor] Update last usage date of quality profiles | status=SUCCESS | time=27ms
2022.12.07 10:50:16 INFO  ce[AYTr-_D0Lapr8vevQ2Qo][o.s.c.t.s.ComputationStepExecutor] Purge db | status=SUCCESS | time=592ms
2022.12.07 10:50:23 INFO  ce[AYTr-_D0Lapr8vevQ2Qo][o.s.c.t.s.ComputationStepExecutor] Index analysis | status=SUCCESS | time=6749ms
2022.12.07 10:50:23 INFO  ce[AYTr-_D0Lapr8vevQ2Qo][o.s.c.t.s.ComputationStepExecutor] Update need issue sync for branch | status=SUCCESS | time=33ms
2022.12.07 10:50:23 INFO  ce[AYTr-_D0Lapr8vevQ2Qo][o.s.c.t.s.ComputationStepExecutor] Publishing taint vulnerabilities events | status=SUCCESS | time=103ms
2022.12.07 10:50:23 INFO  ce[AYTr-_D0Lapr8vevQ2Qo][o.s.c.t.s.ComputationStepExecutor] Send issue notifications | newIssuesNotifs=0 | newIssuesDeliveries=0 | myNewIssuesNotifs=0 | myNewIssuesDeliveries=0 | changesNotifs=0 | changesDeliveries=0 | status=SUCCESS | time=14ms
2022.12.07 10:50:23 INFO  ce[AYTr-_D0Lapr8vevQ2Qo][o.s.c.t.s.ComputationStepExecutor] Publish task results | status=SUCCESS | time=1ms
2022.12.07 10:50:23 INFO  ce[AYTr-_D0Lapr8vevQ2Qo][o.s.c.t.s.ComputationStepExecutor] Trigger refresh of Portfolios and Applications | status=SUCCESS | time=0ms
2022.12.07 10:50:23 INFO  ce[AYTr-_D0Lapr8vevQ2Qo][o.s.c.t.p.a.p.PostProjectAnalysisTasksExecutor] Webhooks | globalWebhooks=0 | projectWebhooks=0 | status=SUCCESS | time=12ms
2022.12.07 10:50:37 INFO  ce[AYTr-_D0Lapr8vevQ2Qo][o.s.c.t.CeWorkerImpl] Executed task | project=To_Analyze | type=REPORT | id=AYTr-_D0Lapr8vevQ2Qo | status=SUCCESS | time=168735ms
2022.12.07 11:32:51 INFO  ce[][o.s.p.ProcessEntryPoint] Gracefully stopping process
2022.12.07 11:32:51 INFO  ce[][o.s.ce.app.CeServer] Compute Engine is stopping...
2022.12.07 11:32:51 INFO  ce[][o.s.c.t.CeProcessingSchedulerImpl] Gracefully stopping workers...
2022.12.07 11:32:51 INFO  ce[][c.z.h.HikariDataSource] HikariPool-1 - Shutdown initiated...
2022.12.07 11:32:51 INFO  ce[][c.z.h.HikariDataSource] HikariPool-1 - Shutdown completed.
2022.12.07 11:32:51 INFO  ce[][o.s.ce.app.CeServer] Compute Engine is stopped
2022.12.07 11:39:52 INFO  ce[][o.s.p.ProcessEntryPoint] Starting Compute Engine
2022.12.07 11:39:52 INFO  ce[][o.s.ce.app.CeServer] Compute Engine starting up...
2022.12.07 11:39:53 INFO  ce[][o.sonar.db.Database] Create JDBC data source for jdbc:h2:tcp://127.0.0.1:9092/sonar;NON_KEYWORDS=VALUE
2022.12.07 11:39:53 INFO  ce[][c.z.h.HikariDataSource] HikariPool-1 - Starting...
2022.12.07 11:39:53 INFO  ce[][c.z.h.p.HikariPool] HikariPool-1 - Added connection conn0: url=jdbc:h2:tcp://127.0.0.1:9092/sonar user=
2022.12.07 11:39:53 INFO  ce[][c.z.h.HikariDataSource] HikariPool-1 - Start completed.
2022.12.07 11:39:53 WARN  ce[][o.s.db.dialect.H2] H2 database should be used for evaluation purpose only.
2022.12.07 11:39:57 INFO  ce[][o.s.s.p.ServerFileSystemImpl] SonarQube home: C:\Users\panne\Progetto-evoluzione-qualita-del-Software\tools\sonarqube
2022.12.07 11:39:57 INFO  ce[][o.s.c.c.CePluginRepository] Load plugins
2022.12.07 11:40:01 INFO  ce[][o.s.c.c.ComputeEngineContainerImpl] Running Community edition
2022.12.07 11:40:01 INFO  ce[][o.s.ce.app.CeServer] Compute Engine is started
2022.12.07 11:42:47 INFO  ce[][o.s.p.ProcessEntryPoint] Gracefully stopping process
2022.12.07 11:42:47 INFO  ce[][o.s.ce.app.CeServer] Compute Engine is stopping...
2022.12.07 11:42:47 INFO  ce[][o.s.c.t.CeProcessingSchedulerImpl] Gracefully stopping workers...
2022.12.07 11:42:47 INFO  ce[][c.z.h.HikariDataSource] HikariPool-1 - Shutdown initiated...
2022.12.07 11:42:47 INFO  ce[][c.z.h.HikariDataSource] HikariPool-1 - Shutdown completed.
2022.12.07 11:42:47 INFO  ce[][o.s.ce.app.CeServer] Compute Engine is stopped
2022.12.07 11:49:56 INFO  ce[][o.s.p.ProcessEntryPoint] Starting Compute Engine
2022.12.07 11:49:56 INFO  ce[][o.s.ce.app.CeServer] Compute Engine starting up...
2022.12.07 11:49:57 INFO  ce[][o.sonar.db.Database] Create JDBC data source for jdbc:h2:tcp://127.0.0.1:9092/sonar;NON_KEYWORDS=VALUE
2022.12.07 11:49:57 INFO  ce[][c.z.h.HikariDataSource] HikariPool-1 - Starting...
2022.12.07 11:49:58 INFO  ce[][c.z.h.p.HikariPool] HikariPool-1 - Added connection conn0: url=jdbc:h2:tcp://127.0.0.1:9092/sonar user=
2022.12.07 11:49:58 INFO  ce[][c.z.h.HikariDataSource] HikariPool-1 - Start completed.
2022.12.07 11:49:58 WARN  ce[][o.s.db.dialect.H2] H2 database should be used for evaluation purpose only.
2022.12.07 11:50:01 INFO  ce[][o.s.s.p.ServerFileSystemImpl] SonarQube home: C:\Users\panne\Progetto-evoluzione-qualita-del-Software\tools\sonarqube
2022.12.07 11:50:01 INFO  ce[][o.s.c.c.CePluginRepository] Load plugins
2022.12.07 11:50:05 INFO  ce[][o.s.c.c.ComputeEngineContainerImpl] Running Community edition
2022.12.07 11:50:05 INFO  ce[][o.s.ce.app.CeServer] Compute Engine is started
2022.12.07 11:51:25 INFO  ce[][o.s.p.ProcessEntryPoint] Gracefully stopping process
2022.12.07 11:51:25 INFO  ce[][o.s.ce.app.CeServer] Compute Engine is stopping...
2022.12.07 11:51:25 INFO  ce[][o.s.c.t.CeProcessingSchedulerImpl] Gracefully stopping workers...
2022.12.07 11:51:25 INFO  ce[][c.z.h.HikariDataSource] HikariPool-1 - Shutdown initiated...
2022.12.07 11:51:25 INFO  ce[][c.z.h.HikariDataSource] HikariPool-1 - Shutdown completed.
2022.12.07 11:51:25 INFO  ce[][o.s.ce.app.CeServer] Compute Engine is stopped
2022.12.07 11:54:43 INFO  ce[][o.s.p.ProcessEntryPoint] Starting Compute Engine
2022.12.07 11:54:43 INFO  ce[][o.s.ce.app.CeServer] Compute Engine starting up...
2022.12.07 11:54:44 INFO  ce[][o.sonar.db.Database] Create JDBC data source for jdbc:h2:tcp://127.0.0.1:9092/sonar;NON_KEYWORDS=VALUE
2022.12.07 11:54:44 INFO  ce[][c.z.h.HikariDataSource] HikariPool-1 - Starting...
2022.12.07 11:54:44 INFO  ce[][c.z.h.p.HikariPool] HikariPool-1 - Added connection conn0: url=jdbc:h2:tcp://127.0.0.1:9092/sonar user=
2022.12.07 11:54:44 INFO  ce[][c.z.h.HikariDataSource] HikariPool-1 - Start completed.
2022.12.07 11:54:44 WARN  ce[][o.s.db.dialect.H2] H2 database should be used for evaluation purpose only.
2022.12.07 11:54:47 INFO  ce[][o.s.s.p.ServerFileSystemImpl] SonarQube home: C:\Users\panne\Progetto-evoluzione-qualita-del-Software\tools\sonarqube
2022.12.07 11:54:47 INFO  ce[][o.s.c.c.CePluginRepository] Load plugins
2022.12.07 11:54:50 INFO  ce[][o.s.c.c.ComputeEngineContainerImpl] Running Community edition
2022.12.07 11:54:50 INFO  ce[][o.s.ce.app.CeServer] Compute Engine is started
2022.12.07 12:03:29 WARN  ce[][c.z.h.pool.PoolBase] HikariPool-1 - Failed to validate connection conn0: url=jdbc:h2:tcp://127.0.0.1:9092/sonar user= (Connection is broken: "session closed" [90067-214]). Possibly consider using a shorter maxLifetime value.
2022.12.07 12:03:29 WARN  ce[][c.z.h.pool.PoolBase] HikariPool-1 - Failed to validate connection conn1: url=jdbc:h2:tcp://127.0.0.1:9092/sonar user= (Connection is broken: "session closed" [90067-214]). Possibly consider using a shorter maxLifetime value.
2022.12.07 12:03:29 WARN  ce[][c.z.h.pool.PoolBase] HikariPool-1 - Failed to validate connection conn2: url=jdbc:h2:tcp://127.0.0.1:9092/sonar user= (Connection is broken: "session closed" [90067-214]). Possibly consider using a shorter maxLifetime value.
2022.12.07 12:03:29 WARN  ce[][c.z.h.pool.PoolBase] HikariPool-1 - Failed to validate connection conn3: url=jdbc:h2:tcp://127.0.0.1:9092/sonar user= (Connection is broken: "session closed" [90067-214]). Possibly consider using a shorter maxLifetime value.
2022.12.07 12:03:29 WARN  ce[][c.z.h.pool.PoolBase] HikariPool-1 - Failed to validate connection conn4: url=jdbc:h2:tcp://127.0.0.1:9092/sonar user= (Connection is broken: "session closed" [90067-214]). Possibly consider using a shorter maxLifetime value.
2022.12.07 12:03:29 WARN  ce[][c.z.h.pool.PoolBase] HikariPool-1 - Failed to validate connection conn5: url=jdbc:h2:tcp://127.0.0.1:9092/sonar user= (Connection is broken: "session closed" [90067-214]). Possibly consider using a shorter maxLifetime value.
2022.12.07 12:03:29 WARN  ce[][c.z.h.pool.PoolBase] HikariPool-1 - Failed to validate connection conn6: url=jdbc:h2:tcp://127.0.0.1:9092/sonar user= (Connection is broken: "session closed" [90067-214]). Possibly consider using a shorter maxLifetime value.
2022.12.07 12:03:29 WARN  ce[][c.z.h.pool.PoolBase] HikariPool-1 - Failed to validate connection conn7: url=jdbc:h2:tcp://127.0.0.1:9092/sonar user= (Connection is broken: "session closed" [90067-214]). Possibly consider using a shorter maxLifetime value.
2022.12.07 12:03:29 WARN  ce[][c.z.h.pool.PoolBase] HikariPool-1 - Failed to validate connection conn8: url=jdbc:h2:tcp://127.0.0.1:9092/sonar user= (Connection is broken: "session closed" [90067-214]). Possibly consider using a shorter maxLifetime value.
2022.12.07 12:03:29 WARN  ce[][c.z.h.pool.PoolBase] HikariPool-1 - Failed to validate connection conn9: url=jdbc:h2:tcp://127.0.0.1:9092/sonar user= (Connection is broken: "session closed" [90067-214]). Possibly consider using a shorter maxLifetime value.
2022.12.07 12:03:29 INFO  ce[][o.s.p.ProcessEntryPoint] Hard stopping process
2022.12.07 12:03:29 INFO  ce[][o.s.ce.app.CeServer] Compute Engine is stopping...
2022.12.07 12:03:29 INFO  ce[][o.s.c.t.CeProcessingSchedulerImpl] Hard stopping workers...
2022.12.07 12:03:30 WARN  ce[][o.s.p.ProcessEntryPoint$HardStopperThread] Can not stop in 1000ms
2022.12.07 12:03:34 ERROR ce[][o.s.c.t.CeWorkerImpl] Failed to pop the queue of analysis reports
org.apache.ibatis.exceptions.PersistenceException: 
### Error querying database.  Cause: java.sql.SQLException: HikariPool-1 - Interrupted during connection acquisition
### The error may exist in org.sonar.db.property.InternalPropertiesMapper
### The error may involve org.sonar.db.property.InternalPropertiesMapper.selectAsText
### The error occurred while executing a query
### Cause: java.sql.SQLException: HikariPool-1 - Interrupted during connection acquisition
	at org.apache.ibatis.exceptions.ExceptionFactory.wrapException(ExceptionFactory.java:30)
	at org.apache.ibatis.session.defaults.DefaultSqlSession.selectList(DefaultSqlSession.java:153)
	at org.apache.ibatis.session.defaults.DefaultSqlSession.selectList(DefaultSqlSession.java:145)
	at org.apache.ibatis.session.defaults.DefaultSqlSession.selectList(DefaultSqlSession.java:140)
	at org.apache.ibatis.binding.MapperMethod.executeForMany(MapperMethod.java:147)
	at org.apache.ibatis.binding.MapperMethod.execute(MapperMethod.java:80)
	at org.apache.ibatis.binding.MapperProxy$PlainMethodInvoker.invoke(MapperProxy.java:145)
	at org.apache.ibatis.binding.MapperProxy.invoke(MapperProxy.java:86)
	at jdk.proxy2/jdk.proxy2.$Proxy46.selectAsText(Unknown Source)
	at org.sonar.db.property.InternalPropertiesDao.selectByKey(InternalPropertiesDao.java:179)
	at org.sonar.ce.queue.CeQueueImpl.getWorkersPauseStatus(CeQueueImpl.java:328)
	at org.sonar.ce.queue.InternalCeQueueImpl.peek(InternalCeQueueImpl.java:78)
	at org.sonar.ce.taskprocessor.CeWorkerImpl.tryAndFindTaskToExecute(CeWorkerImpl.java:170)
	at org.sonar.ce.taskprocessor.CeWorkerImpl.findAndProcessTask(CeWorkerImpl.java:153)
	at org.sonar.ce.taskprocessor.CeWorkerImpl$TrackRunningState.get(CeWorkerImpl.java:135)
	at org.sonar.ce.taskprocessor.CeWorkerImpl.call(CeWorkerImpl.java:87)
	at org.sonar.ce.taskprocessor.CeWorkerImpl.call(CeWorkerImpl.java:53)
	at com.google.common.util.concurrent.TrustedListenableFutureTask$TrustedFutureInterruptibleTask.runInterruptibly(TrustedListenableFutureTask.java:131)
	at com.google.common.util.concurrent.InterruptibleTask.run(InterruptibleTask.java:74)
	at com.google.common.util.concurrent.TrustedListenableFutureTask.run(TrustedListenableFutureTask.java:82)
	at java.base/java.util.concurrent.Executors$RunnableAdapter.call(Executors.java:515)
	at java.base/java.util.concurrent.FutureTask.run(FutureTask.java:264)
	at java.base/java.util.concurrent.ScheduledThreadPoolExecutor$ScheduledFutureTask.run(ScheduledThreadPoolExecutor.java:304)
	at java.base/java.util.concurrent.ThreadPoolExecutor.runWorker(ThreadPoolExecutor.java:1130)
	at java.base/java.util.concurrent.ThreadPoolExecutor$Worker.run(ThreadPoolExecutor.java:630)
	at java.base/java.lang.Thread.run(Thread.java:831)
Caused by: java.sql.SQLException: HikariPool-1 - Interrupted during connection acquisition
	at com.zaxxer.hikari.pool.HikariPool.getConnection(HikariPool.java:185)
	at com.zaxxer.hikari.pool.HikariPool.getConnection(HikariPool.java:146)
	at com.zaxxer.hikari.HikariDataSource.getConnection(HikariDataSource.java:100)
	at org.sonar.db.profiling.NullConnectionInterceptor.getConnection(NullConnectionInterceptor.java:31)
	at org.sonar.db.profiling.ProfiledDataSource.getConnection(ProfiledDataSource.java:112)
	at org.apache.ibatis.transaction.jdbc.JdbcTransaction.openConnection(JdbcTransaction.java:145)
	at org.apache.ibatis.transaction.jdbc.JdbcTransaction.getConnection(JdbcTransaction.java:67)
	at org.apache.ibatis.executor.BaseExecutor.getConnection(BaseExecutor.java:337)
	at org.apache.ibatis.executor.ReuseExecutor.prepareStatement(ReuseExecutor.java:88)
	at org.apache.ibatis.executor.ReuseExecutor.doQuery(ReuseExecutor.java:59)
	at org.apache.ibatis.executor.BaseExecutor.queryFromDatabase(BaseExecutor.java:325)
	at org.apache.ibatis.executor.BaseExecutor.query(BaseExecutor.java:156)
	at org.apache.ibatis.executor.CachingExecutor.query(CachingExecutor.java:109)
	at org.apache.ibatis.executor.CachingExecutor.query(CachingExecutor.java:89)
	at org.apache.ibatis.session.defaults.DefaultSqlSession.selectList(DefaultSqlSession.java:151)
	... 24 common frames omitted
Caused by: java.lang.InterruptedException: null
	at java.base/java.util.concurrent.SynchronousQueue.poll(SynchronousQueue.java:940)
	at com.zaxxer.hikari.util.ConcurrentBag.borrow(ConcurrentBag.java:151)
	at com.zaxxer.hikari.pool.HikariPool.getConnection(HikariPool.java:164)
	... 38 common frames omitted
2022.12.07 12:03:34 INFO  ce[][c.z.h.HikariDataSource] HikariPool-1 - Shutdown initiated...
2022.12.07 12:03:36 INFO  ce[][c.z.h.HikariDataSource] HikariPool-1 - Shutdown completed.
2022.12.07 12:03:36 INFO  ce[][o.s.ce.app.CeServer] Compute Engine is stopped
2022.12.07 12:05:51 INFO  ce[][o.s.p.ProcessEntryPoint] Starting Compute Engine
2022.12.07 12:05:51 INFO  ce[][o.s.ce.app.CeServer] Compute Engine starting up...
2022.12.07 12:05:53 INFO  ce[][o.sonar.db.Database] Create JDBC data source for jdbc:h2:tcp://127.0.0.1:9092/sonar;NON_KEYWORDS=VALUE
2022.12.07 12:05:53 INFO  ce[][c.z.h.HikariDataSource] HikariPool-1 - Starting...
2022.12.07 12:05:53 INFO  ce[][c.z.h.p.HikariPool] HikariPool-1 - Added connection conn0: url=jdbc:h2:tcp://127.0.0.1:9092/sonar user=
2022.12.07 12:05:53 INFO  ce[][c.z.h.HikariDataSource] HikariPool-1 - Start completed.
2022.12.07 12:05:53 WARN  ce[][o.s.db.dialect.H2] H2 database should be used for evaluation purpose only.
2022.12.07 12:05:56 INFO  ce[][o.s.s.p.ServerFileSystemImpl] SonarQube home: C:\Users\panne\Progetto-evoluzione-qualita-del-Software\tools\sonarqube
2022.12.07 12:05:57 INFO  ce[][o.s.c.c.CePluginRepository] Load plugins
2022.12.07 12:06:01 INFO  ce[][o.s.c.c.ComputeEngineContainerImpl] Running Community edition
2022.12.07 12:06:01 INFO  ce[][o.s.ce.app.CeServer] Compute Engine is started
2022.12.07 12:06:46 INFO  ce[][o.s.p.ProcessEntryPoint] Gracefully stopping process
2022.12.07 12:06:46 INFO  ce[][o.s.ce.app.CeServer] Compute Engine is stopping...
2022.12.07 12:06:46 INFO  ce[][o.s.c.t.CeProcessingSchedulerImpl] Gracefully stopping workers...
2022.12.07 12:06:46 INFO  ce[][c.z.h.HikariDataSource] HikariPool-1 - Shutdown initiated...
2022.12.07 12:06:46 INFO  ce[][c.z.h.HikariDataSource] HikariPool-1 - Shutdown completed.
2022.12.07 12:06:46 INFO  ce[][o.s.ce.app.CeServer] Compute Engine is stopped
2022.12.07 12:12:52 INFO  ce[][o.s.p.ProcessEntryPoint] Starting Compute Engine
2022.12.07 12:12:52 INFO  ce[][o.s.ce.app.CeServer] Compute Engine starting up...
2022.12.07 12:12:53 INFO  ce[][o.sonar.db.Database] Create JDBC data source for jdbc:h2:tcp://127.0.0.1:9092/sonar;NON_KEYWORDS=VALUE
2022.12.07 12:12:53 INFO  ce[][c.z.h.HikariDataSource] HikariPool-1 - Starting...
2022.12.07 12:12:53 INFO  ce[][c.z.h.p.HikariPool] HikariPool-1 - Added connection conn0: url=jdbc:h2:tcp://127.0.0.1:9092/sonar user=
2022.12.07 12:12:53 INFO  ce[][c.z.h.HikariDataSource] HikariPool-1 - Start completed.
2022.12.07 12:12:54 WARN  ce[][o.s.db.dialect.H2] H2 database should be used for evaluation purpose only.
2022.12.07 12:12:57 INFO  ce[][o.s.s.p.ServerFileSystemImpl] SonarQube home: C:\Users\panne\Progetto-evoluzione-qualita-del-Software\tools\sonarqube
2022.12.07 12:12:58 INFO  ce[][o.s.c.c.CePluginRepository] Load plugins
2022.12.07 12:13:01 INFO  ce[][o.s.c.c.ComputeEngineContainerImpl] Running Community edition
2022.12.07 12:13:01 INFO  ce[][o.s.ce.app.CeServer] Compute Engine is started
2022.12.07 12:13:22 INFO  ce[][o.s.p.ProcessEntryPoint] Gracefully stopping process
2022.12.07 12:13:22 INFO  ce[][o.s.ce.app.CeServer] Compute Engine is stopping...
2022.12.07 12:13:22 INFO  ce[][o.s.c.t.CeProcessingSchedulerImpl] Gracefully stopping workers...
2022.12.07 12:13:22 INFO  ce[][c.z.h.HikariDataSource] HikariPool-1 - Shutdown initiated...
2022.12.07 12:13:22 INFO  ce[][c.z.h.HikariDataSource] HikariPool-1 - Shutdown completed.
2022.12.07 12:13:22 INFO  ce[][o.s.ce.app.CeServer] Compute Engine is stopped
2022.12.07 12:19:41 INFO  ce[][o.s.p.ProcessEntryPoint] Starting Compute Engine
2022.12.07 12:19:41 INFO  ce[][o.s.ce.app.CeServer] Compute Engine starting up...
2022.12.07 12:19:42 INFO  ce[][o.sonar.db.Database] Create JDBC data source for jdbc:h2:tcp://127.0.0.1:9092/sonar;NON_KEYWORDS=VALUE
2022.12.07 12:19:42 INFO  ce[][c.z.h.HikariDataSource] HikariPool-1 - Starting...
2022.12.07 12:19:42 INFO  ce[][c.z.h.p.HikariPool] HikariPool-1 - Added connection conn0: url=jdbc:h2:tcp://127.0.0.1:9092/sonar user=
2022.12.07 12:19:42 INFO  ce[][c.z.h.HikariDataSource] HikariPool-1 - Start completed.
2022.12.07 12:19:42 WARN  ce[][o.s.db.dialect.H2] H2 database should be used for evaluation purpose only.
2022.12.07 12:19:45 INFO  ce[][o.s.s.p.ServerFileSystemImpl] SonarQube home: C:\Users\panne\Progetto-evoluzione-qualita-del-Software\tools\sonarqube
2022.12.07 12:19:46 INFO  ce[][o.s.c.c.CePluginRepository] Load plugins
2022.12.07 12:19:49 INFO  ce[][o.s.c.c.ComputeEngineContainerImpl] Running Community edition
2022.12.07 12:19:50 INFO  ce[][o.s.ce.app.CeServer] Compute Engine is started
2022.12.07 12:20:16 INFO  ce[][o.s.p.ProcessEntryPoint] Gracefully stopping process
2022.12.07 12:20:16 INFO  ce[][o.s.ce.app.CeServer] Compute Engine is stopping...
2022.12.07 12:20:16 INFO  ce[][o.s.c.t.CeProcessingSchedulerImpl] Gracefully stopping workers...
2022.12.07 12:20:16 INFO  ce[][c.z.h.HikariDataSource] HikariPool-1 - Shutdown initiated...
2022.12.07 12:20:16 INFO  ce[][c.z.h.HikariDataSource] HikariPool-1 - Shutdown completed.
2022.12.07 12:20:16 INFO  ce[][o.s.ce.app.CeServer] Compute Engine is stopped
2022.12.07 12:33:08 INFO  ce[][o.s.p.ProcessEntryPoint] Starting Compute Engine
2022.12.07 12:33:08 INFO  ce[][o.s.ce.app.CeServer] Compute Engine starting up...
2022.12.07 12:33:09 INFO  ce[][o.sonar.db.Database] Create JDBC data source for jdbc:h2:tcp://127.0.0.1:9092/sonar;NON_KEYWORDS=VALUE
2022.12.07 12:33:09 INFO  ce[][c.z.h.HikariDataSource] HikariPool-1 - Starting...
2022.12.07 12:33:09 INFO  ce[][c.z.h.p.HikariPool] HikariPool-1 - Added connection conn0: url=jdbc:h2:tcp://127.0.0.1:9092/sonar user=
2022.12.07 12:33:09 INFO  ce[][c.z.h.HikariDataSource] HikariPool-1 - Start completed.
2022.12.07 12:33:10 WARN  ce[][o.s.db.dialect.H2] H2 database should be used for evaluation purpose only.
2022.12.07 12:33:13 INFO  ce[][o.s.s.p.ServerFileSystemImpl] SonarQube home: C:\Users\panne\Progetto-evoluzione-qualita-del-Software\tools\sonarqube
2022.12.07 12:33:13 INFO  ce[][o.s.c.c.CePluginRepository] Load plugins
2022.12.07 12:33:17 INFO  ce[][o.s.c.c.ComputeEngineContainerImpl] Running Community edition
2022.12.07 12:33:17 INFO  ce[][o.s.ce.app.CeServer] Compute Engine is started
2022.12.07 12:34:00 INFO  ce[][o.s.p.ProcessEntryPoint] Gracefully stopping process
2022.12.07 12:34:00 INFO  ce[][o.s.ce.app.CeServer] Compute Engine is stopping...
2022.12.07 12:34:00 INFO  ce[][o.s.c.t.CeProcessingSchedulerImpl] Gracefully stopping workers...
2022.12.07 12:34:00 INFO  ce[][c.z.h.HikariDataSource] HikariPool-1 - Shutdown initiated...
2022.12.07 12:34:01 INFO  ce[][c.z.h.HikariDataSource] HikariPool-1 - Shutdown completed.
2022.12.07 12:34:01 INFO  ce[][o.s.ce.app.CeServer] Compute Engine is stopped
2022.12.07 12:36:20 INFO  ce[][o.s.p.ProcessEntryPoint] Starting Compute Engine
2022.12.07 12:36:20 INFO  ce[][o.s.ce.app.CeServer] Compute Engine starting up...
2022.12.07 12:36:21 INFO  ce[][o.sonar.db.Database] Create JDBC data source for jdbc:h2:tcp://127.0.0.1:9092/sonar;NON_KEYWORDS=VALUE
2022.12.07 12:36:21 INFO  ce[][c.z.h.HikariDataSource] HikariPool-1 - Starting...
2022.12.07 12:36:22 INFO  ce[][c.z.h.p.HikariPool] HikariPool-1 - Added connection conn0: url=jdbc:h2:tcp://127.0.0.1:9092/sonar user=
2022.12.07 12:36:22 INFO  ce[][c.z.h.HikariDataSource] HikariPool-1 - Start completed.
2022.12.07 12:36:22 WARN  ce[][o.s.db.dialect.H2] H2 database should be used for evaluation purpose only.
2022.12.07 12:36:25 INFO  ce[][o.s.s.p.ServerFileSystemImpl] SonarQube home: C:\Users\panne\Progetto-evoluzione-qualita-del-Software\tools\sonarqube
2022.12.07 12:36:26 INFO  ce[][o.s.c.c.CePluginRepository] Load plugins
2022.12.07 12:36:29 INFO  ce[][o.s.c.c.ComputeEngineContainerImpl] Running Community edition
2022.12.07 12:36:29 INFO  ce[][o.s.ce.app.CeServer] Compute Engine is started
2022.12.07 12:37:06 INFO  ce[][o.s.p.ProcessEntryPoint] Gracefully stopping process
2022.12.07 12:37:07 INFO  ce[][o.s.ce.app.CeServer] Compute Engine is stopping...
2022.12.07 12:37:07 INFO  ce[][o.s.c.t.CeProcessingSchedulerImpl] Gracefully stopping workers...
2022.12.07 12:37:07 INFO  ce[][c.z.h.HikariDataSource] HikariPool-1 - Shutdown initiated...
2022.12.07 12:37:07 INFO  ce[][c.z.h.HikariDataSource] HikariPool-1 - Shutdown completed.
2022.12.07 12:37:07 INFO  ce[][o.s.ce.app.CeServer] Compute Engine is stopped
2022.12.07 12:38:43 INFO  ce[][o.s.p.ProcessEntryPoint] Starting Compute Engine
2022.12.07 12:38:43 INFO  ce[][o.s.ce.app.CeServer] Compute Engine starting up...
2022.12.07 12:38:44 INFO  ce[][o.sonar.db.Database] Create JDBC data source for jdbc:h2:tcp://127.0.0.1:9092/sonar;NON_KEYWORDS=VALUE
2022.12.07 12:38:44 INFO  ce[][c.z.h.HikariDataSource] HikariPool-1 - Starting...
2022.12.07 12:38:44 INFO  ce[][c.z.h.p.HikariPool] HikariPool-1 - Added connection conn0: url=jdbc:h2:tcp://127.0.0.1:9092/sonar user=
2022.12.07 12:38:44 INFO  ce[][c.z.h.HikariDataSource] HikariPool-1 - Start completed.
2022.12.07 12:38:44 WARN  ce[][o.s.db.dialect.H2] H2 database should be used for evaluation purpose only.
2022.12.07 12:38:48 INFO  ce[][o.s.s.p.ServerFileSystemImpl] SonarQube home: C:\Users\panne\Progetto-evoluzione-qualita-del-Software\tools\sonarqube
2022.12.07 12:38:48 INFO  ce[][o.s.c.c.CePluginRepository] Load plugins
2022.12.07 12:38:52 INFO  ce[][o.s.c.c.ComputeEngineContainerImpl] Running Community edition
2022.12.07 12:38:52 INFO  ce[][o.s.ce.app.CeServer] Compute Engine is started
2022.12.07 12:44:33 INFO  ce[][o.s.c.t.CeWorkerImpl] Execute task | project=To_Analyze | type=REPORT | id=AYTsZtAOiQbulH4UxWOZ
2022.12.07 12:45:06 INFO  ce[AYTsZtAOiQbulH4UxWOZ][o.s.c.t.s.ComputationStepExecutor] Extract report | status=SUCCESS | time=32030ms
2022.12.07 12:45:06 INFO  ce[AYTsZtAOiQbulH4UxWOZ][o.s.c.t.s.ComputationStepExecutor] Persist scanner context | status=SUCCESS | time=15ms
2022.12.07 12:45:06 INFO  ce[AYTsZtAOiQbulH4UxWOZ][o.s.c.t.s.ComputationStepExecutor] Propagate analysis warnings from scanner report | status=SUCCESS | time=54ms
2022.12.07 12:45:06 INFO  ce[AYTsZtAOiQbulH4UxWOZ][o.s.c.t.s.ComputationStepExecutor] Generate analysis UUID | status=SUCCESS | time=0ms
2022.12.07 12:45:06 INFO  ce[AYTsZtAOiQbulH4UxWOZ][o.s.c.t.s.ComputationStepExecutor] Load analysis metadata | status=SUCCESS | time=124ms
2022.12.07 12:45:06 INFO  ce[AYTsZtAOiQbulH4UxWOZ][o.s.c.t.s.ComputationStepExecutor] Initialize | status=SUCCESS | time=0ms
2022.12.07 12:45:10 INFO  ce[AYTsZtAOiQbulH4UxWOZ][o.s.c.t.s.ComputationStepExecutor] Build tree of components | components=3564 | status=SUCCESS | time=3608ms
2022.12.07 12:45:10 INFO  ce[AYTsZtAOiQbulH4UxWOZ][o.s.c.t.s.ComputationStepExecutor] Validate project | status=SUCCESS | time=16ms
2022.12.07 12:45:10 INFO  ce[AYTsZtAOiQbulH4UxWOZ][o.s.s.e.EsClientProvider] Connected to local Elasticsearch: [http://kubernetes.docker.internal:9001]
2022.12.07 12:45:15 INFO  ce[AYTsZtAOiQbulH4UxWOZ][o.s.c.t.s.ComputationStepExecutor] Load quality profiles | status=SUCCESS | time=3699ms
2022.12.07 12:45:15 INFO  ce[AYTsZtAOiQbulH4UxWOZ][o.s.c.t.s.ComputationStepExecutor] Load file hashes and statuses | status=SUCCESS | time=10ms
2022.12.07 12:45:15 INFO  ce[AYTsZtAOiQbulH4UxWOZ][o.s.c.t.s.ComputationStepExecutor] Load Quality gate | status=SUCCESS | time=20ms
2022.12.07 12:45:15 INFO  ce[AYTsZtAOiQbulH4UxWOZ][o.s.c.t.s.ComputationStepExecutor] Load new code period | status=SUCCESS | time=15ms
2022.12.07 12:45:15 INFO  ce[AYTsZtAOiQbulH4UxWOZ][o.s.c.t.s.ComputationStepExecutor] Detect file moves | status=SUCCESS | time=0ms
2022.12.07 12:45:16 INFO  ce[AYTsZtAOiQbulH4UxWOZ][o.s.c.t.s.ComputationStepExecutor] Load duplications | duplications=776 | status=SUCCESS | time=1106ms
2022.12.07 12:45:16 INFO  ce[AYTsZtAOiQbulH4UxWOZ][o.s.c.t.s.ComputationStepExecutor] Compute cross project duplications | status=SUCCESS | time=0ms
2022.12.07 12:45:20 INFO  ce[AYTsZtAOiQbulH4UxWOZ][o.s.c.t.s.ComputationStepExecutor] Compute size measures | status=SUCCESS | time=3145ms
2022.12.07 12:45:20 INFO  ce[AYTsZtAOiQbulH4UxWOZ][o.s.c.t.s.ComputationStepExecutor] Compute new coverage | status=SUCCESS | time=53ms
2022.12.07 12:45:22 INFO  ce[AYTsZtAOiQbulH4UxWOZ][o.s.c.t.s.ComputationStepExecutor] Compute coverage measures | status=SUCCESS | time=2330ms
2022.12.07 12:45:22 INFO  ce[AYTsZtAOiQbulH4UxWOZ][o.s.c.t.s.ComputationStepExecutor] Compute comment measures | status=SUCCESS | time=59ms
2022.12.07 12:45:22 INFO  ce[AYTsZtAOiQbulH4UxWOZ][o.s.c.t.s.ComputationStepExecutor] Compute duplication measures | status=SUCCESS | time=88ms
2022.12.07 12:45:22 INFO  ce[AYTsZtAOiQbulH4UxWOZ][o.s.c.t.s.ComputationStepExecutor] Compute size measures on new code | status=SUCCESS | time=26ms
2022.12.07 12:45:22 INFO  ce[AYTsZtAOiQbulH4UxWOZ][o.s.c.t.s.ComputationStepExecutor] Compute language distribution | status=SUCCESS | time=166ms
2022.12.07 12:45:22 INFO  ce[AYTsZtAOiQbulH4UxWOZ][o.s.c.t.s.ComputationStepExecutor] Compute test measures | status=SUCCESS | time=40ms
2022.12.07 12:45:22 INFO  ce[AYTsZtAOiQbulH4UxWOZ][o.s.c.t.s.ComputationStepExecutor] Compute complexity measures | status=SUCCESS | time=77ms
2022.12.07 12:45:23 INFO  ce[AYTsZtAOiQbulH4UxWOZ][o.s.c.t.s.ComputationStepExecutor] Load measure computers | status=SUCCESS | time=25ms
2022.12.07 12:45:23 INFO  ce[AYTsZtAOiQbulH4UxWOZ][o.s.c.t.s.ComputationStepExecutor] Compute Quality Profile status | status=SUCCESS | time=15ms
2022.12.07 12:45:49 INFO  ce[AYTsZtAOiQbulH4UxWOZ][o.s.c.t.s.ComputationStepExecutor] Execute component visitors | status=SUCCESS | time=26005ms
2022.12.07 12:45:49 INFO  ce[AYTsZtAOiQbulH4UxWOZ][o.s.c.t.s.ComputationStepExecutor] Checks executed after computation of measures | status=SUCCESS | time=1ms
2022.12.07 12:45:49 INFO  ce[AYTsZtAOiQbulH4UxWOZ][o.s.c.t.s.ComputationStepExecutor] Compute Quality Gate measures | status=SUCCESS | time=13ms
2022.12.07 12:45:49 INFO  ce[AYTsZtAOiQbulH4UxWOZ][o.s.c.t.s.ComputationStepExecutor] Compute Quality profile measures | status=SUCCESS | time=18ms
2022.12.07 12:45:49 INFO  ce[AYTsZtAOiQbulH4UxWOZ][o.s.c.t.s.ComputationStepExecutor] Generate Quality profile events | status=SUCCESS | time=3ms
2022.12.07 12:45:49 INFO  ce[AYTsZtAOiQbulH4UxWOZ][o.s.c.t.s.ComputationStepExecutor] Generate Quality gate events | status=SUCCESS | time=3ms
2022.12.07 12:45:49 INFO  ce[AYTsZtAOiQbulH4UxWOZ][o.s.c.t.s.ComputationStepExecutor] Check upgrade possibility for not analyzed code files. | status=SUCCESS | time=11ms
2022.12.07 12:45:49 INFO  ce[AYTsZtAOiQbulH4UxWOZ][o.s.c.t.s.ComputationStepExecutor] Persist scanner analysis cache | status=SUCCESS | time=20ms
2022.12.07 12:45:51 INFO  ce[AYTsZtAOiQbulH4UxWOZ][o.s.c.t.s.ComputationStepExecutor] Persist components | status=SUCCESS | time=1945ms
2022.12.07 12:45:51 INFO  ce[AYTsZtAOiQbulH4UxWOZ][o.s.c.t.s.ComputationStepExecutor] Persist analysis | status=SUCCESS | time=7ms
2022.12.07 12:45:51 INFO  ce[AYTsZtAOiQbulH4UxWOZ][o.s.c.t.s.ComputationStepExecutor] Persist analysis properties | status=SUCCESS | time=9ms
2022.12.07 12:45:51 INFO  ce[AYTsZtAOiQbulH4UxWOZ][o.s.c.t.s.ComputationStepExecutor] Persist measures | inserts=51 | status=SUCCESS | time=39ms
2022.12.07 12:46:26 INFO  ce[AYTsZtAOiQbulH4UxWOZ][o.s.c.t.s.ComputationStepExecutor] Persist live measures | insertsOrUpdates=100044 | status=SUCCESS | time=35482ms
2022.12.07 12:46:27 INFO  ce[AYTsZtAOiQbulH4UxWOZ][o.s.c.t.s.ComputationStepExecutor] Persist duplication data | insertsOrUpdates=404 | status=SUCCESS | time=438ms
2022.12.07 12:46:27 INFO  ce[AYTsZtAOiQbulH4UxWOZ][o.s.c.t.s.ComputationStepExecutor] Persist new ad hoc Rules | status=SUCCESS | time=1ms
2022.12.07 12:46:30 INFO  ce[AYTsZtAOiQbulH4UxWOZ][o.s.c.t.s.ComputationStepExecutor] Persist issues | cacheSize=3.3 MB | inserts=7238 | updates=0 | merged=0 | status=SUCCESS | time=3007ms
2022.12.07 12:46:30 INFO  ce[AYTsZtAOiQbulH4UxWOZ][o.s.c.t.s.ComputationStepExecutor] Delete issue changes | changes=0 | status=SUCCESS | time=0ms
2022.12.07 12:46:30 INFO  ce[AYTsZtAOiQbulH4UxWOZ][o.s.c.t.s.ComputationStepExecutor] Persist project links | status=SUCCESS | time=13ms
2022.12.07 12:46:30 INFO  ce[AYTsZtAOiQbulH4UxWOZ][o.s.c.t.s.ComputationStepExecutor] Persist events | status=SUCCESS | time=14ms
2022.12.07 12:46:36 INFO  ce[][o.s.p.ProcessEntryPoint] Gracefully stopping process
2022.12.07 12:46:36 INFO  ce[][o.s.ce.app.CeServer] Compute Engine is stopping...
2022.12.07 12:46:36 INFO  ce[][o.s.c.t.CeProcessingSchedulerImpl] Gracefully stopping workers...
2022.12.07 12:46:51 INFO  ce[AYTsZtAOiQbulH4UxWOZ][o.s.c.t.s.ComputationStepExecutor] Persist sources | status=SUCCESS | time=21488ms
2022.12.07 12:46:51 INFO  ce[AYTsZtAOiQbulH4UxWOZ][o.s.c.t.s.ComputationStepExecutor] Persist cross project duplications | status=SUCCESS | time=0ms
2022.12.07 12:46:51 INFO  ce[AYTsZtAOiQbulH4UxWOZ][o.s.c.t.s.ComputationStepExecutor] Enable analysis | status=SUCCESS | time=13ms
2022.12.07 12:46:51 INFO  ce[AYTsZtAOiQbulH4UxWOZ][o.s.c.t.s.ComputationStepExecutor] Update last usage date of quality profiles | status=SUCCESS | time=27ms
2022.12.07 12:46:52 INFO  ce[AYTsZtAOiQbulH4UxWOZ][o.s.c.t.s.ComputationStepExecutor] Purge db | status=SUCCESS | time=723ms
2022.12.07 12:46:59 INFO  ce[AYTsZtAOiQbulH4UxWOZ][o.s.c.t.s.ComputationStepExecutor] Index analysis | status=SUCCESS | time=6652ms
2022.12.07 12:46:59 INFO  ce[AYTsZtAOiQbulH4UxWOZ][o.s.c.t.s.ComputationStepExecutor] Update need issue sync for branch | status=SUCCESS | time=2ms
2022.12.07 12:46:59 INFO  ce[AYTsZtAOiQbulH4UxWOZ][o.s.c.t.s.ComputationStepExecutor] Publishing taint vulnerabilities events | status=SUCCESS | time=100ms
2022.12.07 12:46:59 INFO  ce[AYTsZtAOiQbulH4UxWOZ][o.s.c.t.s.ComputationStepExecutor] Send issue notifications | newIssuesNotifs=0 | newIssuesDeliveries=0 | myNewIssuesNotifs=0 | myNewIssuesDeliveries=0 | changesNotifs=0 | changesDeliveries=0 | status=SUCCESS | time=15ms
2022.12.07 12:46:59 INFO  ce[AYTsZtAOiQbulH4UxWOZ][o.s.c.t.s.ComputationStepExecutor] Publish task results | status=SUCCESS | time=1ms
2022.12.07 12:46:59 INFO  ce[AYTsZtAOiQbulH4UxWOZ][o.s.c.t.s.ComputationStepExecutor] Trigger refresh of Portfolios and Applications | status=SUCCESS | time=0ms
2022.12.07 12:46:59 INFO  ce[AYTsZtAOiQbulH4UxWOZ][o.s.c.t.p.a.p.PostProjectAnalysisTasksExecutor] Webhooks | globalWebhooks=0 | projectWebhooks=0 | status=SUCCESS | time=11ms
2022.12.07 12:47:11 INFO  ce[AYTsZtAOiQbulH4UxWOZ][o.s.c.t.CeWorkerImpl] Executed task | project=To_Analyze | type=REPORT | id=AYTsZtAOiQbulH4UxWOZ | status=SUCCESS | time=157498ms
2022.12.07 12:47:11 INFO  ce[][c.z.h.HikariDataSource] HikariPool-1 - Shutdown initiated...
2022.12.07 12:47:11 INFO  ce[][c.z.h.HikariDataSource] HikariPool-1 - Shutdown completed.
2022.12.07 12:47:11 INFO  ce[][o.s.ce.app.CeServer] Compute Engine is stopped
2022.12.07 13:24:17 INFO  ce[][o.s.p.ProcessEntryPoint] Starting Compute Engine
2022.12.07 13:24:17 INFO  ce[][o.s.ce.app.CeServer] Compute Engine starting up...
2022.12.07 13:24:18 INFO  ce[][o.sonar.db.Database] Create JDBC data source for jdbc:h2:tcp://127.0.0.1:9092/sonar;NON_KEYWORDS=VALUE
2022.12.07 13:24:18 INFO  ce[][c.z.h.HikariDataSource] HikariPool-1 - Starting...
2022.12.07 13:24:18 INFO  ce[][c.z.h.p.HikariPool] HikariPool-1 - Added connection conn0: url=jdbc:h2:tcp://127.0.0.1:9092/sonar user=
2022.12.07 13:24:18 INFO  ce[][c.z.h.HikariDataSource] HikariPool-1 - Start completed.
2022.12.07 13:24:18 WARN  ce[][o.s.db.dialect.H2] H2 database should be used for evaluation purpose only.
2022.12.07 13:24:21 INFO  ce[][o.s.s.p.ServerFileSystemImpl] SonarQube home: C:\Users\panne\Progetto-evoluzione-qualita-del-Software\tools\sonarqube
2022.12.07 13:24:22 INFO  ce[][o.s.c.c.CePluginRepository] Load plugins
2022.12.07 13:24:26 INFO  ce[][o.s.c.c.ComputeEngineContainerImpl] Running Community edition
2022.12.07 13:24:26 INFO  ce[][o.s.ce.app.CeServer] Compute Engine is started
2022.12.07 13:30:04 INFO  ce[][o.s.p.ProcessEntryPoint] Gracefully stopping process
2022.12.07 13:30:04 INFO  ce[][o.s.ce.app.CeServer] Compute Engine is stopping...
2022.12.07 13:30:04 INFO  ce[][o.s.c.t.CeProcessingSchedulerImpl] Gracefully stopping workers...
2022.12.07 13:30:04 INFO  ce[][c.z.h.HikariDataSource] HikariPool-1 - Shutdown initiated...
2022.12.07 13:30:04 INFO  ce[][c.z.h.HikariDataSource] HikariPool-1 - Shutdown completed.
2022.12.07 13:30:04 INFO  ce[][o.s.ce.app.CeServer] Compute Engine is stopped
2022.12.07 13:31:25 INFO  ce[][o.s.p.ProcessEntryPoint] Starting Compute Engine
2022.12.07 13:31:25 INFO  ce[][o.s.ce.app.CeServer] Compute Engine starting up...
2022.12.07 13:31:26 INFO  ce[][o.sonar.db.Database] Create JDBC data source for jdbc:h2:tcp://127.0.0.1:9092/sonar;NON_KEYWORDS=VALUE
2022.12.07 13:31:26 INFO  ce[][c.z.h.HikariDataSource] HikariPool-1 - Starting...
2022.12.07 13:31:26 INFO  ce[][c.z.h.p.HikariPool] HikariPool-1 - Added connection conn0: url=jdbc:h2:tcp://127.0.0.1:9092/sonar user=
2022.12.07 13:31:26 INFO  ce[][c.z.h.HikariDataSource] HikariPool-1 - Start completed.
2022.12.07 13:31:26 WARN  ce[][o.s.db.dialect.H2] H2 database should be used for evaluation purpose only.
2022.12.07 13:31:29 INFO  ce[][o.s.s.p.ServerFileSystemImpl] SonarQube home: C:\Users\panne\Progetto-evoluzione-qualita-del-Software\tools\sonarqube
2022.12.07 13:31:30 INFO  ce[][o.s.c.c.CePluginRepository] Load plugins
2022.12.07 13:31:33 INFO  ce[][o.s.c.c.ComputeEngineContainerImpl] Running Community edition
2022.12.07 13:31:33 INFO  ce[][o.s.ce.app.CeServer] Compute Engine is started
2022.12.07 13:37:31 INFO  ce[][o.s.c.t.CeWorkerImpl] Execute task | project=To_Analyze | type=REPORT | id=AYTsl1IUO9ein0FPm7Yi
2022.12.07 13:38:00 INFO  ce[AYTsl1IUO9ein0FPm7Yi][o.s.c.t.s.ComputationStepExecutor] Extract report | status=SUCCESS | time=27998ms
2022.12.07 13:38:00 INFO  ce[AYTsl1IUO9ein0FPm7Yi][o.s.c.t.s.ComputationStepExecutor] Persist scanner context | status=SUCCESS | time=14ms
2022.12.07 13:38:00 INFO  ce[AYTsl1IUO9ein0FPm7Yi][o.s.c.t.s.ComputationStepExecutor] Propagate analysis warnings from scanner report | status=SUCCESS | time=66ms
2022.12.07 13:38:00 INFO  ce[AYTsl1IUO9ein0FPm7Yi][o.s.c.t.s.ComputationStepExecutor] Generate analysis UUID | status=SUCCESS | time=0ms
2022.12.07 13:38:00 INFO  ce[AYTsl1IUO9ein0FPm7Yi][o.s.c.t.s.ComputationStepExecutor] Load analysis metadata | status=SUCCESS | time=168ms
2022.12.07 13:38:00 INFO  ce[AYTsl1IUO9ein0FPm7Yi][o.s.c.t.s.ComputationStepExecutor] Initialize | status=SUCCESS | time=0ms
2022.12.07 13:38:03 INFO  ce[AYTsl1IUO9ein0FPm7Yi][o.s.c.t.s.ComputationStepExecutor] Build tree of components | components=3564 | status=SUCCESS | time=3439ms
2022.12.07 13:38:03 INFO  ce[AYTsl1IUO9ein0FPm7Yi][o.s.c.t.s.ComputationStepExecutor] Validate project | status=SUCCESS | time=9ms
2022.12.07 13:38:03 INFO  ce[AYTsl1IUO9ein0FPm7Yi][o.s.s.e.EsClientProvider] Connected to local Elasticsearch: [http://kubernetes.docker.internal:9001]
2022.12.07 13:38:08 INFO  ce[AYTsl1IUO9ein0FPm7Yi][o.s.c.t.s.ComputationStepExecutor] Load quality profiles | status=SUCCESS | time=3635ms
2022.12.07 13:38:08 INFO  ce[AYTsl1IUO9ein0FPm7Yi][o.s.c.t.s.ComputationStepExecutor] Load file hashes and statuses | status=SUCCESS | time=6ms
2022.12.07 13:38:08 INFO  ce[AYTsl1IUO9ein0FPm7Yi][o.s.c.t.s.ComputationStepExecutor] Load Quality gate | status=SUCCESS | time=25ms
2022.12.07 13:38:08 INFO  ce[AYTsl1IUO9ein0FPm7Yi][o.s.c.t.s.ComputationStepExecutor] Load new code period | status=SUCCESS | time=16ms
2022.12.07 13:38:08 INFO  ce[AYTsl1IUO9ein0FPm7Yi][o.s.c.t.s.ComputationStepExecutor] Detect file moves | status=SUCCESS | time=0ms
2022.12.07 13:38:09 INFO  ce[AYTsl1IUO9ein0FPm7Yi][o.s.c.t.s.ComputationStepExecutor] Load duplications | duplications=776 | status=SUCCESS | time=1105ms
2022.12.07 13:38:09 INFO  ce[AYTsl1IUO9ein0FPm7Yi][o.s.c.t.s.ComputationStepExecutor] Compute cross project duplications | status=SUCCESS | time=0ms
2022.12.07 13:38:13 INFO  ce[AYTsl1IUO9ein0FPm7Yi][o.s.c.t.s.ComputationStepExecutor] Compute size measures | status=SUCCESS | time=3123ms
2022.12.07 13:38:13 INFO  ce[AYTsl1IUO9ein0FPm7Yi][o.s.c.t.s.ComputationStepExecutor] Compute new coverage | status=SUCCESS | time=49ms
2022.12.07 13:38:15 INFO  ce[AYTsl1IUO9ein0FPm7Yi][o.s.c.t.s.ComputationStepExecutor] Compute coverage measures | status=SUCCESS | time=2293ms
2022.12.07 13:38:15 INFO  ce[AYTsl1IUO9ein0FPm7Yi][o.s.c.t.s.ComputationStepExecutor] Compute comment measures | status=SUCCESS | time=60ms
2022.12.07 13:38:15 INFO  ce[AYTsl1IUO9ein0FPm7Yi][o.s.c.t.s.ComputationStepExecutor] Compute duplication measures | status=SUCCESS | time=42ms
2022.12.07 13:38:15 INFO  ce[AYTsl1IUO9ein0FPm7Yi][o.s.c.t.s.ComputationStepExecutor] Compute size measures on new code | status=SUCCESS | time=13ms
2022.12.07 13:38:15 INFO  ce[AYTsl1IUO9ein0FPm7Yi][o.s.c.t.s.ComputationStepExecutor] Compute language distribution | status=SUCCESS | time=76ms
2022.12.07 13:38:15 INFO  ce[AYTsl1IUO9ein0FPm7Yi][o.s.c.t.s.ComputationStepExecutor] Compute test measures | status=SUCCESS | time=25ms
2022.12.07 13:38:15 INFO  ce[AYTsl1IUO9ein0FPm7Yi][o.s.c.t.s.ComputationStepExecutor] Compute complexity measures | status=SUCCESS | time=79ms
2022.12.07 13:38:15 INFO  ce[AYTsl1IUO9ein0FPm7Yi][o.s.c.t.s.ComputationStepExecutor] Load measure computers | status=SUCCESS | time=17ms
2022.12.07 13:38:15 INFO  ce[AYTsl1IUO9ein0FPm7Yi][o.s.c.t.s.ComputationStepExecutor] Compute Quality Profile status | status=SUCCESS | time=10ms
2022.12.07 13:38:25 INFO  ce[][o.s.p.ProcessEntryPoint] Gracefully stopping process
2022.12.07 13:38:25 INFO  ce[][o.s.ce.app.CeServer] Compute Engine is stopping...
2022.12.07 13:38:25 INFO  ce[][o.s.c.t.CeProcessingSchedulerImpl] Gracefully stopping workers...
2022.12.07 13:38:41 INFO  ce[AYTsl1IUO9ein0FPm7Yi][o.s.c.t.s.ComputationStepExecutor] Execute component visitors | status=SUCCESS | time=25013ms
2022.12.07 13:38:41 INFO  ce[AYTsl1IUO9ein0FPm7Yi][o.s.c.t.s.ComputationStepExecutor] Checks executed after computation of measures | status=SUCCESS | time=0ms
2022.12.07 13:38:41 INFO  ce[AYTsl1IUO9ein0FPm7Yi][o.s.c.t.s.ComputationStepExecutor] Compute Quality Gate measures | status=SUCCESS | time=14ms
2022.12.07 13:38:41 INFO  ce[AYTsl1IUO9ein0FPm7Yi][o.s.c.t.s.ComputationStepExecutor] Compute Quality profile measures | status=SUCCESS | time=43ms
2022.12.07 13:38:41 INFO  ce[AYTsl1IUO9ein0FPm7Yi][o.s.c.t.s.ComputationStepExecutor] Generate Quality profile events | status=SUCCESS | time=2ms
2022.12.07 13:38:41 INFO  ce[AYTsl1IUO9ein0FPm7Yi][o.s.c.t.s.ComputationStepExecutor] Generate Quality gate events | status=SUCCESS | time=2ms
2022.12.07 13:38:41 INFO  ce[AYTsl1IUO9ein0FPm7Yi][o.s.c.t.s.ComputationStepExecutor] Check upgrade possibility for not analyzed code files. | status=SUCCESS | time=5ms
2022.12.07 13:38:41 INFO  ce[AYTsl1IUO9ein0FPm7Yi][o.s.c.t.s.ComputationStepExecutor] Persist scanner analysis cache | status=SUCCESS | time=16ms
2022.12.07 13:38:43 INFO  ce[AYTsl1IUO9ein0FPm7Yi][o.s.c.t.s.ComputationStepExecutor] Persist components | status=SUCCESS | time=1991ms
2022.12.07 13:38:43 INFO  ce[AYTsl1IUO9ein0FPm7Yi][o.s.c.t.s.ComputationStepExecutor] Persist analysis | status=SUCCESS | time=5ms
2022.12.07 13:38:43 INFO  ce[AYTsl1IUO9ein0FPm7Yi][o.s.c.t.s.ComputationStepExecutor] Persist analysis properties | status=SUCCESS | time=8ms
2022.12.07 13:38:43 INFO  ce[AYTsl1IUO9ein0FPm7Yi][o.s.c.t.s.ComputationStepExecutor] Persist measures | inserts=51 | status=SUCCESS | time=44ms
2022.12.07 13:39:18 INFO  ce[AYTsl1IUO9ein0FPm7Yi][o.s.c.t.s.ComputationStepExecutor] Persist live measures | insertsOrUpdates=100044 | status=SUCCESS | time=35647ms
2022.12.07 13:39:19 INFO  ce[AYTsl1IUO9ein0FPm7Yi][o.s.c.t.s.ComputationStepExecutor] Persist duplication data | insertsOrUpdates=404 | status=SUCCESS | time=447ms
2022.12.07 13:39:19 INFO  ce[AYTsl1IUO9ein0FPm7Yi][o.s.c.t.s.ComputationStepExecutor] Persist new ad hoc Rules | status=SUCCESS | time=1ms
2022.12.07 13:39:22 INFO  ce[AYTsl1IUO9ein0FPm7Yi][o.s.c.t.s.ComputationStepExecutor] Persist issues | cacheSize=3.3 MB | inserts=7238 | updates=0 | merged=0 | status=SUCCESS | time=3065ms
2022.12.07 13:39:22 INFO  ce[AYTsl1IUO9ein0FPm7Yi][o.s.c.t.s.ComputationStepExecutor] Delete issue changes | changes=0 | status=SUCCESS | time=0ms
2022.12.07 13:39:22 INFO  ce[AYTsl1IUO9ein0FPm7Yi][o.s.c.t.s.ComputationStepExecutor] Persist project links | status=SUCCESS | time=23ms
2022.12.07 13:39:22 INFO  ce[AYTsl1IUO9ein0FPm7Yi][o.s.c.t.s.ComputationStepExecutor] Persist events | status=SUCCESS | time=14ms
2022.12.07 13:39:54 INFO  ce[AYTsl1IUO9ein0FPm7Yi][o.s.c.t.s.ComputationStepExecutor] Persist sources | status=SUCCESS | time=31877ms
2022.12.07 13:39:54 INFO  ce[AYTsl1IUO9ein0FPm7Yi][o.s.c.t.s.ComputationStepExecutor] Persist cross project duplications | status=SUCCESS | time=0ms
2022.12.07 13:39:54 INFO  ce[AYTsl1IUO9ein0FPm7Yi][o.s.c.t.s.ComputationStepExecutor] Enable analysis | status=SUCCESS | time=57ms
2022.12.07 13:39:54 INFO  ce[AYTsl1IUO9ein0FPm7Yi][o.s.c.t.s.ComputationStepExecutor] Update last usage date of quality profiles | status=SUCCESS | time=29ms
2022.12.07 13:39:55 INFO  ce[AYTsl1IUO9ein0FPm7Yi][o.s.c.t.s.ComputationStepExecutor] Purge db | status=SUCCESS | time=899ms
2022.12.07 13:40:03 INFO  ce[AYTsl1IUO9ein0FPm7Yi][o.s.c.t.s.ComputationStepExecutor] Index analysis | status=SUCCESS | time=8078ms
2022.12.07 13:40:03 INFO  ce[AYTsl1IUO9ein0FPm7Yi][o.s.c.t.s.ComputationStepExecutor] Update need issue sync for branch | status=SUCCESS | time=3ms
2022.12.07 13:40:03 INFO  ce[AYTsl1IUO9ein0FPm7Yi][o.s.c.t.s.ComputationStepExecutor] Publishing taint vulnerabilities events | status=SUCCESS | time=99ms
2022.12.07 13:40:03 INFO  ce[AYTsl1IUO9ein0FPm7Yi][o.s.c.t.s.ComputationStepExecutor] Send issue notifications | newIssuesNotifs=0 | newIssuesDeliveries=0 | myNewIssuesNotifs=0 | myNewIssuesDeliveries=0 | changesNotifs=0 | changesDeliveries=0 | status=SUCCESS | time=10ms
2022.12.07 13:40:03 INFO  ce[AYTsl1IUO9ein0FPm7Yi][o.s.c.t.s.ComputationStepExecutor] Publish task results | status=SUCCESS | time=1ms
2022.12.07 13:40:03 INFO  ce[AYTsl1IUO9ein0FPm7Yi][o.s.c.t.s.ComputationStepExecutor] Trigger refresh of Portfolios and Applications | status=SUCCESS | time=0ms
2022.12.07 13:40:03 INFO  ce[AYTsl1IUO9ein0FPm7Yi][o.s.c.t.p.a.p.PostProjectAnalysisTasksExecutor] Webhooks | globalWebhooks=0 | projectWebhooks=0 | status=SUCCESS | time=12ms
2022.12.07 13:40:20 INFO  ce[AYTsl1IUO9ein0FPm7Yi][o.s.c.t.CeWorkerImpl] Executed task | project=To_Analyze | type=REPORT | id=AYTsl1IUO9ein0FPm7Yi | status=SUCCESS | time=169580ms
2022.12.07 13:40:20 INFO  ce[][c.z.h.HikariDataSource] HikariPool-1 - Shutdown initiated...
2022.12.07 13:40:20 INFO  ce[][c.z.h.HikariDataSource] HikariPool-1 - Shutdown completed.
2022.12.07 13:40:20 INFO  ce[][o.s.ce.app.CeServer] Compute Engine is stopped
2022.12.07 13:45:19 INFO  ce[][o.s.p.ProcessEntryPoint] Starting Compute Engine
2022.12.07 13:45:19 INFO  ce[][o.s.ce.app.CeServer] Compute Engine starting up...
2022.12.07 13:45:20 INFO  ce[][o.sonar.db.Database] Create JDBC data source for jdbc:h2:tcp://127.0.0.1:9092/sonar;NON_KEYWORDS=VALUE
2022.12.07 13:45:20 INFO  ce[][c.z.h.HikariDataSource] HikariPool-1 - Starting...
2022.12.07 13:45:20 INFO  ce[][c.z.h.p.HikariPool] HikariPool-1 - Added connection conn0: url=jdbc:h2:tcp://127.0.0.1:9092/sonar user=
2022.12.07 13:45:20 INFO  ce[][c.z.h.HikariDataSource] HikariPool-1 - Start completed.
2022.12.07 13:45:20 WARN  ce[][o.s.db.dialect.H2] H2 database should be used for evaluation purpose only.
2022.12.07 13:45:24 INFO  ce[][o.s.s.p.ServerFileSystemImpl] SonarQube home: C:\Users\panne\Progetto-evoluzione-qualita-del-Software\tools\sonarqube
2022.12.07 13:45:25 INFO  ce[][o.s.c.c.CePluginRepository] Load plugins
2022.12.07 13:45:28 INFO  ce[][o.s.c.c.ComputeEngineContainerImpl] Running Community edition
2022.12.07 13:45:28 INFO  ce[][o.s.ce.app.CeServer] Compute Engine is started
2022.12.07 13:50:53 INFO  ce[][o.s.c.t.CeWorkerImpl] Execute task | project=To_Analyze | type=REPORT | id=AYTso44uLWN7iIBsT-sq
2022.12.07 13:51:25 INFO  ce[AYTso44uLWN7iIBsT-sq][o.s.c.t.s.ComputationStepExecutor] Extract report | status=SUCCESS | time=31127ms
2022.12.07 13:51:25 INFO  ce[AYTso44uLWN7iIBsT-sq][o.s.c.t.s.ComputationStepExecutor] Persist scanner context | status=SUCCESS | time=13ms
2022.12.07 13:51:25 INFO  ce[AYTso44uLWN7iIBsT-sq][o.s.c.t.s.ComputationStepExecutor] Propagate analysis warnings from scanner report | status=SUCCESS | time=52ms
2022.12.07 13:51:25 INFO  ce[AYTso44uLWN7iIBsT-sq][o.s.c.t.s.ComputationStepExecutor] Generate analysis UUID | status=SUCCESS | time=0ms
2022.12.07 13:51:26 INFO  ce[AYTso44uLWN7iIBsT-sq][o.s.c.t.s.ComputationStepExecutor] Load analysis metadata | status=SUCCESS | time=141ms
2022.12.07 13:51:26 INFO  ce[AYTso44uLWN7iIBsT-sq][o.s.c.t.s.ComputationStepExecutor] Initialize | status=SUCCESS | time=0ms
2022.12.07 13:51:29 INFO  ce[AYTso44uLWN7iIBsT-sq][o.s.c.t.s.ComputationStepExecutor] Build tree of components | components=3564 | status=SUCCESS | time=3479ms
2022.12.07 13:51:29 INFO  ce[AYTso44uLWN7iIBsT-sq][o.s.c.t.s.ComputationStepExecutor] Validate project | status=SUCCESS | time=19ms
2022.12.07 13:51:29 INFO  ce[AYTso44uLWN7iIBsT-sq][o.s.s.e.EsClientProvider] Connected to local Elasticsearch: [http://kubernetes.docker.internal:9001]
2022.12.07 13:51:34 INFO  ce[AYTso44uLWN7iIBsT-sq][o.s.c.t.s.ComputationStepExecutor] Load quality profiles | status=SUCCESS | time=3502ms
2022.12.07 13:51:34 INFO  ce[AYTso44uLWN7iIBsT-sq][o.s.c.t.s.ComputationStepExecutor] Load file hashes and statuses | status=SUCCESS | time=7ms
2022.12.07 13:51:34 INFO  ce[AYTso44uLWN7iIBsT-sq][o.s.c.t.s.ComputationStepExecutor] Load Quality gate | status=SUCCESS | time=19ms
2022.12.07 13:51:34 INFO  ce[AYTso44uLWN7iIBsT-sq][o.s.c.t.s.ComputationStepExecutor] Load new code period | status=SUCCESS | time=11ms
2022.12.07 13:51:34 INFO  ce[AYTso44uLWN7iIBsT-sq][o.s.c.t.s.ComputationStepExecutor] Detect file moves | status=SUCCESS | time=0ms
2022.12.07 13:51:35 INFO  ce[AYTso44uLWN7iIBsT-sq][o.s.c.t.s.ComputationStepExecutor] Load duplications | duplications=776 | status=SUCCESS | time=1085ms
2022.12.07 13:51:35 INFO  ce[AYTso44uLWN7iIBsT-sq][o.s.c.t.s.ComputationStepExecutor] Compute cross project duplications | status=SUCCESS | time=0ms
2022.12.07 13:51:39 INFO  ce[AYTso44uLWN7iIBsT-sq][o.s.c.t.s.ComputationStepExecutor] Compute size measures | status=SUCCESS | time=3322ms
2022.12.07 13:51:39 INFO  ce[AYTso44uLWN7iIBsT-sq][o.s.c.t.s.ComputationStepExecutor] Compute new coverage | status=SUCCESS | time=55ms
2022.12.07 13:51:41 INFO  ce[AYTso44uLWN7iIBsT-sq][o.s.c.t.s.ComputationStepExecutor] Compute coverage measures | status=SUCCESS | time=2400ms
2022.12.07 13:51:41 INFO  ce[AYTso44uLWN7iIBsT-sq][o.s.c.t.s.ComputationStepExecutor] Compute comment measures | status=SUCCESS | time=67ms
2022.12.07 13:51:41 INFO  ce[AYTso44uLWN7iIBsT-sq][o.s.c.t.s.ComputationStepExecutor] Compute duplication measures | status=SUCCESS | time=60ms
2022.12.07 13:51:41 INFO  ce[AYTso44uLWN7iIBsT-sq][o.s.c.t.s.ComputationStepExecutor] Compute size measures on new code | status=SUCCESS | time=18ms
2022.12.07 13:51:41 INFO  ce[AYTso44uLWN7iIBsT-sq][o.s.c.t.s.ComputationStepExecutor] Compute language distribution | status=SUCCESS | time=157ms
2022.12.07 13:51:41 INFO  ce[AYTso44uLWN7iIBsT-sq][o.s.c.t.s.ComputationStepExecutor] Compute test measures | status=SUCCESS | time=31ms
2022.12.07 13:51:42 INFO  ce[AYTso44uLWN7iIBsT-sq][o.s.c.t.s.ComputationStepExecutor] Compute complexity measures | status=SUCCESS | time=55ms
2022.12.07 13:51:42 INFO  ce[AYTso44uLWN7iIBsT-sq][o.s.c.t.s.ComputationStepExecutor] Load measure computers | status=SUCCESS | time=6ms
2022.12.07 13:51:42 INFO  ce[AYTso44uLWN7iIBsT-sq][o.s.c.t.s.ComputationStepExecutor] Compute Quality Profile status | status=SUCCESS | time=10ms
2022.12.07 13:52:06 INFO  ce[AYTso44uLWN7iIBsT-sq][o.s.c.t.s.ComputationStepExecutor] Execute component visitors | status=SUCCESS | time=24203ms
2022.12.07 13:52:06 INFO  ce[AYTso44uLWN7iIBsT-sq][o.s.c.t.s.ComputationStepExecutor] Checks executed after computation of measures | status=SUCCESS | time=1ms
2022.12.07 13:52:06 INFO  ce[AYTso44uLWN7iIBsT-sq][o.s.c.t.s.ComputationStepExecutor] Compute Quality Gate measures | status=SUCCESS | time=10ms
2022.12.07 13:52:06 INFO  ce[AYTso44uLWN7iIBsT-sq][o.s.c.t.s.ComputationStepExecutor] Compute Quality profile measures | status=SUCCESS | time=59ms
2022.12.07 13:52:06 INFO  ce[AYTso44uLWN7iIBsT-sq][o.s.c.t.s.ComputationStepExecutor] Generate Quality profile events | status=SUCCESS | time=5ms
2022.12.07 13:52:06 INFO  ce[AYTso44uLWN7iIBsT-sq][o.s.c.t.s.ComputationStepExecutor] Generate Quality gate events | status=SUCCESS | time=5ms
2022.12.07 13:52:06 INFO  ce[AYTso44uLWN7iIBsT-sq][o.s.c.t.s.ComputationStepExecutor] Check upgrade possibility for not analyzed code files. | status=SUCCESS | time=7ms
2022.12.07 13:52:06 INFO  ce[AYTso44uLWN7iIBsT-sq][o.s.c.t.s.ComputationStepExecutor] Persist scanner analysis cache | status=SUCCESS | time=16ms
2022.12.07 13:52:08 INFO  ce[AYTso44uLWN7iIBsT-sq][o.s.c.t.s.ComputationStepExecutor] Persist components | status=SUCCESS | time=1907ms
2022.12.07 13:52:08 INFO  ce[AYTso44uLWN7iIBsT-sq][o.s.c.t.s.ComputationStepExecutor] Persist analysis | status=SUCCESS | time=4ms
2022.12.07 13:52:08 INFO  ce[AYTso44uLWN7iIBsT-sq][o.s.c.t.s.ComputationStepExecutor] Persist analysis properties | status=SUCCESS | time=9ms
2022.12.07 13:52:08 INFO  ce[AYTso44uLWN7iIBsT-sq][o.s.c.t.s.ComputationStepExecutor] Persist measures | inserts=51 | status=SUCCESS | time=41ms
2022.12.07 13:52:17 INFO  ce[][o.s.p.ProcessEntryPoint] Gracefully stopping process
2022.12.07 13:52:17 INFO  ce[][o.s.ce.app.CeServer] Compute Engine is stopping...
2022.12.07 13:52:17 INFO  ce[][o.s.c.t.CeProcessingSchedulerImpl] Gracefully stopping workers...
2022.12.07 13:52:43 INFO  ce[AYTso44uLWN7iIBsT-sq][o.s.c.t.s.ComputationStepExecutor] Persist live measures | insertsOrUpdates=100044 | status=SUCCESS | time=35347ms
2022.12.07 13:52:44 INFO  ce[AYTso44uLWN7iIBsT-sq][o.s.c.t.s.ComputationStepExecutor] Persist duplication data | insertsOrUpdates=404 | status=SUCCESS | time=435ms
2022.12.07 13:52:44 INFO  ce[AYTso44uLWN7iIBsT-sq][o.s.c.t.s.ComputationStepExecutor] Persist new ad hoc Rules | status=SUCCESS | time=1ms
2022.12.07 13:52:47 INFO  ce[AYTso44uLWN7iIBsT-sq][o.s.c.t.s.ComputationStepExecutor] Persist issues | cacheSize=3.3 MB | inserts=7238 | updates=0 | merged=0 | status=SUCCESS | time=2962ms
2022.12.07 13:52:47 INFO  ce[AYTso44uLWN7iIBsT-sq][o.s.c.t.s.ComputationStepExecutor] Delete issue changes | changes=0 | status=SUCCESS | time=0ms
2022.12.07 13:52:47 INFO  ce[AYTso44uLWN7iIBsT-sq][o.s.c.t.s.ComputationStepExecutor] Persist project links | status=SUCCESS | time=12ms
2022.12.07 13:52:47 INFO  ce[AYTso44uLWN7iIBsT-sq][o.s.c.t.s.ComputationStepExecutor] Persist events | status=SUCCESS | time=14ms
2022.12.07 13:53:09 INFO  ce[AYTso44uLWN7iIBsT-sq][o.s.c.t.s.ComputationStepExecutor] Persist sources | status=SUCCESS | time=22022ms
2022.12.07 13:53:09 INFO  ce[AYTso44uLWN7iIBsT-sq][o.s.c.t.s.ComputationStepExecutor] Persist cross project duplications | status=SUCCESS | time=0ms
2022.12.07 13:53:09 INFO  ce[AYTso44uLWN7iIBsT-sq][o.s.c.t.s.ComputationStepExecutor] Enable analysis | status=SUCCESS | time=38ms
2022.12.07 13:53:09 INFO  ce[AYTso44uLWN7iIBsT-sq][o.s.c.t.s.ComputationStepExecutor] Update last usage date of quality profiles | status=SUCCESS | time=19ms
2022.12.07 13:53:10 INFO  ce[AYTso44uLWN7iIBsT-sq][o.s.c.t.s.ComputationStepExecutor] Purge db | status=SUCCESS | time=471ms
2022.12.07 13:53:14 INFO  ce[AYTso44uLWN7iIBsT-sq][o.s.c.t.s.ComputationStepExecutor] Index analysis | status=SUCCESS | time=4389ms
2022.12.07 13:53:14 INFO  ce[AYTso44uLWN7iIBsT-sq][o.s.c.t.s.ComputationStepExecutor] Update need issue sync for branch | status=SUCCESS | time=3ms
2022.12.07 13:53:14 INFO  ce[AYTso44uLWN7iIBsT-sq][o.s.c.t.s.ComputationStepExecutor] Publishing taint vulnerabilities events | status=SUCCESS | time=89ms
2022.12.07 13:53:14 INFO  ce[AYTso44uLWN7iIBsT-sq][o.s.c.t.s.ComputationStepExecutor] Send issue notifications | newIssuesNotifs=0 | newIssuesDeliveries=0 | myNewIssuesNotifs=0 | myNewIssuesDeliveries=0 | changesNotifs=0 | changesDeliveries=0 | status=SUCCESS | time=17ms
2022.12.07 13:53:14 INFO  ce[AYTso44uLWN7iIBsT-sq][o.s.c.t.s.ComputationStepExecutor] Publish task results | status=SUCCESS | time=3ms
2022.12.07 13:53:14 INFO  ce[AYTso44uLWN7iIBsT-sq][o.s.c.t.s.ComputationStepExecutor] Trigger refresh of Portfolios and Applications | status=SUCCESS | time=0ms
2022.12.07 13:53:14 INFO  ce[AYTso44uLWN7iIBsT-sq][o.s.c.t.p.a.p.PostProjectAnalysisTasksExecutor] Webhooks | globalWebhooks=0 | projectWebhooks=0 | status=SUCCESS | time=19ms
2022.12.07 13:53:25 INFO  ce[AYTso44uLWN7iIBsT-sq][o.s.c.t.CeWorkerImpl] Executed task | project=To_Analyze | type=REPORT | id=AYTso44uLWN7iIBsT-sq | status=SUCCESS | time=152159ms
2022.12.07 13:53:26 INFO  ce[][c.z.h.HikariDataSource] HikariPool-1 - Shutdown initiated...
2022.12.07 13:53:26 INFO  ce[][c.z.h.HikariDataSource] HikariPool-1 - Shutdown completed.
2022.12.07 13:53:26 INFO  ce[][o.s.ce.app.CeServer] Compute Engine is stopped
2022.12.07 14:02:39 INFO  ce[][o.s.p.ProcessEntryPoint] Starting Compute Engine
2022.12.07 14:02:39 INFO  ce[][o.s.ce.app.CeServer] Compute Engine starting up...
2022.12.07 14:02:40 INFO  ce[][o.sonar.db.Database] Create JDBC data source for jdbc:h2:tcp://127.0.0.1:9092/sonar;NON_KEYWORDS=VALUE
2022.12.07 14:02:41 INFO  ce[][c.z.h.HikariDataSource] HikariPool-1 - Starting...
2022.12.07 14:02:41 INFO  ce[][c.z.h.p.HikariPool] HikariPool-1 - Added connection conn0: url=jdbc:h2:tcp://127.0.0.1:9092/sonar user=
2022.12.07 14:02:41 INFO  ce[][c.z.h.HikariDataSource] HikariPool-1 - Start completed.
2022.12.07 14:02:41 WARN  ce[][o.s.db.dialect.H2] H2 database should be used for evaluation purpose only.
2022.12.07 14:02:44 INFO  ce[][o.s.s.p.ServerFileSystemImpl] SonarQube home: C:\Users\panne\Progetto-evoluzione-qualita-del-Software\tools\sonarqube
2022.12.07 14:02:45 INFO  ce[][o.s.c.c.CePluginRepository] Load plugins
2022.12.07 14:02:48 INFO  ce[][o.s.c.c.ComputeEngineContainerImpl] Running Community edition
2022.12.07 14:02:48 INFO  ce[][o.s.ce.app.CeServer] Compute Engine is started
2022.12.07 14:04:28 INFO  ce[][o.s.p.ProcessEntryPoint] Gracefully stopping process
2022.12.07 14:04:28 INFO  ce[][o.s.ce.app.CeServer] Compute Engine is stopping...
2022.12.07 14:04:28 INFO  ce[][o.s.c.t.CeProcessingSchedulerImpl] Gracefully stopping workers...
2022.12.07 14:04:28 INFO  ce[][c.z.h.HikariDataSource] HikariPool-1 - Shutdown initiated...
2022.12.07 14:04:28 INFO  ce[][c.z.h.HikariDataSource] HikariPool-1 - Shutdown completed.
2022.12.07 14:04:28 INFO  ce[][o.s.ce.app.CeServer] Compute Engine is stopped
2022.12.07 14:05:37 INFO  ce[][o.s.p.ProcessEntryPoint] Starting Compute Engine
2022.12.07 14:05:37 INFO  ce[][o.s.ce.app.CeServer] Compute Engine starting up...
2022.12.07 14:05:39 INFO  ce[][o.sonar.db.Database] Create JDBC data source for jdbc:h2:tcp://127.0.0.1:9092/sonar;NON_KEYWORDS=VALUE
2022.12.07 14:05:39 INFO  ce[][c.z.h.HikariDataSource] HikariPool-1 - Starting...
2022.12.07 14:05:39 INFO  ce[][c.z.h.p.HikariPool] HikariPool-1 - Added connection conn0: url=jdbc:h2:tcp://127.0.0.1:9092/sonar user=
2022.12.07 14:05:39 INFO  ce[][c.z.h.HikariDataSource] HikariPool-1 - Start completed.
2022.12.07 14:05:39 WARN  ce[][o.s.db.dialect.H2] H2 database should be used for evaluation purpose only.
2022.12.07 14:05:42 INFO  ce[][o.s.s.p.ServerFileSystemImpl] SonarQube home: C:\Users\panne\Progetto-evoluzione-qualita-del-Software\tools\sonarqube
2022.12.07 14:05:43 INFO  ce[][o.s.c.c.CePluginRepository] Load plugins
2022.12.07 14:05:46 INFO  ce[][o.s.c.c.ComputeEngineContainerImpl] Running Community edition
2022.12.07 14:05:47 INFO  ce[][o.s.ce.app.CeServer] Compute Engine is started
2022.12.07 14:11:30 INFO  ce[][o.s.c.t.CeWorkerImpl] Execute task | project=To_Analyze | type=REPORT | id=AYTstm-ckrB_Hxqt3fw8
2022.12.07 14:12:06 INFO  ce[AYTstm-ckrB_Hxqt3fw8][o.s.c.t.s.ComputationStepExecutor] Extract report | status=SUCCESS | time=35266ms
2022.12.07 14:12:06 INFO  ce[AYTstm-ckrB_Hxqt3fw8][o.s.c.t.s.ComputationStepExecutor] Persist scanner context | status=SUCCESS | time=15ms
2022.12.07 14:12:06 INFO  ce[AYTstm-ckrB_Hxqt3fw8][o.s.c.t.s.ComputationStepExecutor] Propagate analysis warnings from scanner report | status=SUCCESS | time=46ms
2022.12.07 14:12:06 INFO  ce[AYTstm-ckrB_Hxqt3fw8][o.s.c.t.s.ComputationStepExecutor] Generate analysis UUID | status=SUCCESS | time=1ms
2022.12.07 14:12:06 INFO  ce[AYTstm-ckrB_Hxqt3fw8][o.s.c.t.s.ComputationStepExecutor] Load analysis metadata | status=SUCCESS | time=167ms
2022.12.07 14:12:06 INFO  ce[AYTstm-ckrB_Hxqt3fw8][o.s.c.t.s.ComputationStepExecutor] Initialize | status=SUCCESS | time=0ms
2022.12.07 14:12:10 INFO  ce[AYTstm-ckrB_Hxqt3fw8][o.s.c.t.s.ComputationStepExecutor] Build tree of components | components=3564 | status=SUCCESS | time=3836ms
2022.12.07 14:12:10 INFO  ce[AYTstm-ckrB_Hxqt3fw8][o.s.c.t.s.ComputationStepExecutor] Validate project | status=SUCCESS | time=21ms
2022.12.07 14:12:10 INFO  ce[AYTstm-ckrB_Hxqt3fw8][o.s.s.e.EsClientProvider] Connected to local Elasticsearch: [http://kubernetes.docker.internal:9001]
2022.12.07 14:12:16 INFO  ce[AYTstm-ckrB_Hxqt3fw8][o.s.c.t.s.ComputationStepExecutor] Load quality profiles | status=SUCCESS | time=4681ms
2022.12.07 14:12:16 INFO  ce[AYTstm-ckrB_Hxqt3fw8][o.s.c.t.s.ComputationStepExecutor] Load file hashes and statuses | status=SUCCESS | time=10ms
2022.12.07 14:12:16 INFO  ce[AYTstm-ckrB_Hxqt3fw8][o.s.c.t.s.ComputationStepExecutor] Load Quality gate | status=SUCCESS | time=20ms
2022.12.07 14:12:16 INFO  ce[AYTstm-ckrB_Hxqt3fw8][o.s.c.t.s.ComputationStepExecutor] Load new code period | status=SUCCESS | time=11ms
2022.12.07 14:12:16 INFO  ce[AYTstm-ckrB_Hxqt3fw8][o.s.c.t.s.ComputationStepExecutor] Detect file moves | status=SUCCESS | time=0ms
2022.12.07 14:12:17 INFO  ce[AYTstm-ckrB_Hxqt3fw8][o.s.c.t.s.ComputationStepExecutor] Load duplications | duplications=776 | status=SUCCESS | time=1240ms
2022.12.07 14:12:17 INFO  ce[AYTstm-ckrB_Hxqt3fw8][o.s.c.t.s.ComputationStepExecutor] Compute cross project duplications | status=SUCCESS | time=0ms
2022.12.07 14:12:21 INFO  ce[AYTstm-ckrB_Hxqt3fw8][o.s.c.t.s.ComputationStepExecutor] Compute size measures | status=SUCCESS | time=3620ms
2022.12.07 14:12:21 INFO  ce[AYTstm-ckrB_Hxqt3fw8][o.s.c.t.s.ComputationStepExecutor] Compute new coverage | status=SUCCESS | time=48ms
2022.12.07 14:12:24 INFO  ce[AYTstm-ckrB_Hxqt3fw8][o.s.c.t.s.ComputationStepExecutor] Compute coverage measures | status=SUCCESS | time=2727ms
2022.12.07 14:12:24 INFO  ce[AYTstm-ckrB_Hxqt3fw8][o.s.c.t.s.ComputationStepExecutor] Compute comment measures | status=SUCCESS | time=69ms
2022.12.07 14:12:24 INFO  ce[AYTstm-ckrB_Hxqt3fw8][o.s.c.t.s.ComputationStepExecutor] Compute duplication measures | status=SUCCESS | time=73ms
2022.12.07 14:12:24 INFO  ce[AYTstm-ckrB_Hxqt3fw8][o.s.c.t.s.ComputationStepExecutor] Compute size measures on new code | status=SUCCESS | time=16ms
2022.12.07 14:12:24 INFO  ce[AYTstm-ckrB_Hxqt3fw8][o.s.c.t.s.ComputationStepExecutor] Compute language distribution | status=SUCCESS | time=142ms
2022.12.07 14:12:24 INFO  ce[AYTstm-ckrB_Hxqt3fw8][o.s.c.t.s.ComputationStepExecutor] Compute test measures | status=SUCCESS | time=51ms
2022.12.07 14:12:24 INFO  ce[AYTstm-ckrB_Hxqt3fw8][o.s.c.t.s.ComputationStepExecutor] Compute complexity measures | status=SUCCESS | time=83ms
2022.12.07 14:12:24 INFO  ce[AYTstm-ckrB_Hxqt3fw8][o.s.c.t.s.ComputationStepExecutor] Load measure computers | status=SUCCESS | time=9ms
2022.12.07 14:12:24 INFO  ce[AYTstm-ckrB_Hxqt3fw8][o.s.c.t.s.ComputationStepExecutor] Compute Quality Profile status | status=SUCCESS | time=10ms
2022.12.07 14:12:52 INFO  ce[AYTstm-ckrB_Hxqt3fw8][o.s.c.t.s.ComputationStepExecutor] Execute component visitors | status=SUCCESS | time=27533ms
2022.12.07 14:12:52 INFO  ce[AYTstm-ckrB_Hxqt3fw8][o.s.c.t.s.ComputationStepExecutor] Checks executed after computation of measures | status=SUCCESS | time=0ms
2022.12.07 14:12:52 INFO  ce[AYTstm-ckrB_Hxqt3fw8][o.s.c.t.s.ComputationStepExecutor] Compute Quality Gate measures | status=SUCCESS | time=15ms
2022.12.07 14:12:52 INFO  ce[AYTstm-ckrB_Hxqt3fw8][o.s.c.t.s.ComputationStepExecutor] Compute Quality profile measures | status=SUCCESS | time=51ms
2022.12.07 14:12:52 INFO  ce[AYTstm-ckrB_Hxqt3fw8][o.s.c.t.s.ComputationStepExecutor] Generate Quality profile events | status=SUCCESS | time=2ms
2022.12.07 14:12:52 INFO  ce[AYTstm-ckrB_Hxqt3fw8][o.s.c.t.s.ComputationStepExecutor] Generate Quality gate events | status=SUCCESS | time=3ms
2022.12.07 14:12:52 INFO  ce[AYTstm-ckrB_Hxqt3fw8][o.s.c.t.s.ComputationStepExecutor] Check upgrade possibility for not analyzed code files. | status=SUCCESS | time=7ms
2022.12.07 14:12:52 INFO  ce[AYTstm-ckrB_Hxqt3fw8][o.s.c.t.s.ComputationStepExecutor] Persist scanner analysis cache | status=SUCCESS | time=32ms
2022.12.07 14:12:55 INFO  ce[AYTstm-ckrB_Hxqt3fw8][o.s.c.t.s.ComputationStepExecutor] Persist components | status=SUCCESS | time=2478ms
2022.12.07 14:12:55 INFO  ce[AYTstm-ckrB_Hxqt3fw8][o.s.c.t.s.ComputationStepExecutor] Persist analysis | status=SUCCESS | time=6ms
2022.12.07 14:12:55 INFO  ce[AYTstm-ckrB_Hxqt3fw8][o.s.c.t.s.ComputationStepExecutor] Persist analysis properties | status=SUCCESS | time=12ms
2022.12.07 14:12:55 INFO  ce[AYTstm-ckrB_Hxqt3fw8][o.s.c.t.s.ComputationStepExecutor] Persist measures | inserts=51 | status=SUCCESS | time=69ms
2022.12.07 14:13:31 INFO  ce[AYTstm-ckrB_Hxqt3fw8][o.s.c.t.s.ComputationStepExecutor] Persist live measures | insertsOrUpdates=100044 | status=SUCCESS | time=35582ms
2022.12.07 14:13:31 INFO  ce[AYTstm-ckrB_Hxqt3fw8][o.s.c.t.s.ComputationStepExecutor] Persist duplication data | insertsOrUpdates=404 | status=SUCCESS | time=439ms
2022.12.07 14:13:31 INFO  ce[AYTstm-ckrB_Hxqt3fw8][o.s.c.t.s.ComputationStepExecutor] Persist new ad hoc Rules | status=SUCCESS | time=1ms
2022.12.07 14:13:34 INFO  ce[AYTstm-ckrB_Hxqt3fw8][o.s.c.t.s.ComputationStepExecutor] Persist issues | cacheSize=3.3 MB | inserts=7238 | updates=0 | merged=0 | status=SUCCESS | time=3040ms
2022.12.07 14:13:34 INFO  ce[AYTstm-ckrB_Hxqt3fw8][o.s.c.t.s.ComputationStepExecutor] Delete issue changes | changes=0 | status=SUCCESS | time=0ms
2022.12.07 14:13:34 INFO  ce[AYTstm-ckrB_Hxqt3fw8][o.s.c.t.s.ComputationStepExecutor] Persist project links | status=SUCCESS | time=24ms
2022.12.07 14:13:34 INFO  ce[AYTstm-ckrB_Hxqt3fw8][o.s.c.t.s.ComputationStepExecutor] Persist events | status=SUCCESS | time=18ms
2022.12.07 14:13:58 INFO  ce[AYTstm-ckrB_Hxqt3fw8][o.s.c.t.s.ComputationStepExecutor] Persist sources | status=SUCCESS | time=23605ms
2022.12.07 14:13:58 INFO  ce[AYTstm-ckrB_Hxqt3fw8][o.s.c.t.s.ComputationStepExecutor] Persist cross project duplications | status=SUCCESS | time=0ms
2022.12.07 14:13:58 INFO  ce[AYTstm-ckrB_Hxqt3fw8][o.s.c.t.s.ComputationStepExecutor] Enable analysis | status=SUCCESS | time=48ms
2022.12.07 14:13:58 INFO  ce[AYTstm-ckrB_Hxqt3fw8][o.s.c.t.s.ComputationStepExecutor] Update last usage date of quality profiles | status=SUCCESS | time=27ms
2022.12.07 14:13:58 INFO  ce[AYTstm-ckrB_Hxqt3fw8][o.s.c.t.s.ComputationStepExecutor] Purge db | status=SUCCESS | time=621ms
2022.12.07 14:14:05 INFO  ce[AYTstm-ckrB_Hxqt3fw8][o.s.c.t.s.ComputationStepExecutor] Index analysis | status=SUCCESS | time=6854ms
2022.12.07 14:14:05 INFO  ce[AYTstm-ckrB_Hxqt3fw8][o.s.c.t.s.ComputationStepExecutor] Update need issue sync for branch | status=SUCCESS | time=2ms
2022.12.07 14:14:05 INFO  ce[AYTstm-ckrB_Hxqt3fw8][o.s.c.t.s.ComputationStepExecutor] Publishing taint vulnerabilities events | status=SUCCESS | time=107ms
2022.12.07 14:14:05 INFO  ce[AYTstm-ckrB_Hxqt3fw8][o.s.c.t.s.ComputationStepExecutor] Send issue notifications | newIssuesNotifs=0 | newIssuesDeliveries=0 | myNewIssuesNotifs=0 | myNewIssuesDeliveries=0 | changesNotifs=0 | changesDeliveries=0 | status=SUCCESS | time=11ms
2022.12.07 14:14:05 INFO  ce[AYTstm-ckrB_Hxqt3fw8][o.s.c.t.s.ComputationStepExecutor] Publish task results | status=SUCCESS | time=0ms
2022.12.07 14:14:05 INFO  ce[AYTstm-ckrB_Hxqt3fw8][o.s.c.t.s.ComputationStepExecutor] Trigger refresh of Portfolios and Applications | status=SUCCESS | time=0ms
2022.12.07 14:14:05 INFO  ce[AYTstm-ckrB_Hxqt3fw8][o.s.c.t.p.a.p.PostProjectAnalysisTasksExecutor] Webhooks | globalWebhooks=0 | projectWebhooks=0 | status=SUCCESS | time=11ms
2022.12.07 14:14:18 INFO  ce[AYTstm-ckrB_Hxqt3fw8][o.s.c.t.CeWorkerImpl] Executed task | project=To_Analyze | type=REPORT | id=AYTstm-ckrB_Hxqt3fw8 | status=SUCCESS | time=168248ms
2022.12.07 14:24:51 INFO  ce[][o.s.p.ProcessEntryPoint] Gracefully stopping process
2022.12.07 14:24:51 INFO  ce[][o.s.ce.app.CeServer] Compute Engine is stopping...
2022.12.07 14:24:51 INFO  ce[][o.s.c.t.CeProcessingSchedulerImpl] Gracefully stopping workers...
2022.12.07 14:24:51 INFO  ce[][c.z.h.HikariDataSource] HikariPool-1 - Shutdown initiated...
2022.12.07 14:24:51 INFO  ce[][c.z.h.HikariDataSource] HikariPool-1 - Shutdown completed.
2022.12.07 14:24:51 INFO  ce[][o.s.ce.app.CeServer] Compute Engine is stopped
2022.12.07 14:32:17 INFO  ce[][o.s.p.ProcessEntryPoint] Starting Compute Engine
2022.12.07 14:32:17 INFO  ce[][o.s.ce.app.CeServer] Compute Engine starting up...
2022.12.07 14:32:18 INFO  ce[][o.sonar.db.Database] Create JDBC data source for jdbc:h2:tcp://127.0.0.1:9092/sonar;NON_KEYWORDS=VALUE
2022.12.07 14:32:18 INFO  ce[][c.z.h.HikariDataSource] HikariPool-1 - Starting...
2022.12.07 14:32:18 INFO  ce[][c.z.h.p.HikariPool] HikariPool-1 - Added connection conn0: url=jdbc:h2:tcp://127.0.0.1:9092/sonar user=
2022.12.07 14:32:18 INFO  ce[][c.z.h.HikariDataSource] HikariPool-1 - Start completed.
2022.12.07 14:32:18 WARN  ce[][o.s.db.dialect.H2] H2 database should be used for evaluation purpose only.
2022.12.07 14:32:22 INFO  ce[][o.s.s.p.ServerFileSystemImpl] SonarQube home: C:\Users\panne\Progetto-evoluzione-qualita-del-Software\tools\sonarqube
2022.12.07 14:32:23 INFO  ce[][o.s.c.c.CePluginRepository] Load plugins
2022.12.07 14:32:26 INFO  ce[][o.s.c.c.ComputeEngineContainerImpl] Running Community edition
2022.12.07 14:32:26 INFO  ce[][o.s.ce.app.CeServer] Compute Engine is started
2022.12.07 14:38:54 INFO  ce[][o.s.c.t.CeWorkerImpl] Execute task | project=To_Analyze | type=REPORT | id=AYTsz4JJVqqC7P8XWeqF
2022.12.07 14:39:30 INFO  ce[AYTsz4JJVqqC7P8XWeqF][o.s.c.t.s.ComputationStepExecutor] Extract report | status=SUCCESS | time=35007ms
2022.12.07 14:39:30 INFO  ce[AYTsz4JJVqqC7P8XWeqF][o.s.c.t.s.ComputationStepExecutor] Persist scanner context | status=SUCCESS | time=15ms
2022.12.07 14:39:30 INFO  ce[AYTsz4JJVqqC7P8XWeqF][o.s.c.t.s.ComputationStepExecutor] Propagate analysis warnings from scanner report | status=SUCCESS | time=55ms
2022.12.07 14:39:30 INFO  ce[AYTsz4JJVqqC7P8XWeqF][o.s.c.t.s.ComputationStepExecutor] Generate analysis UUID | status=SUCCESS | time=0ms
2022.12.07 14:39:31 INFO  ce[AYTsz4JJVqqC7P8XWeqF][o.s.c.t.s.ComputationStepExecutor] Load analysis metadata | status=SUCCESS | time=185ms
2022.12.07 14:39:31 INFO  ce[AYTsz4JJVqqC7P8XWeqF][o.s.c.t.s.ComputationStepExecutor] Initialize | status=SUCCESS | time=0ms
2022.12.07 14:39:35 INFO  ce[AYTsz4JJVqqC7P8XWeqF][o.s.c.t.s.ComputationStepExecutor] Build tree of components | components=3564 | status=SUCCESS | time=4038ms
2022.12.07 14:39:35 INFO  ce[AYTsz4JJVqqC7P8XWeqF][o.s.c.t.s.ComputationStepExecutor] Validate project | status=SUCCESS | time=22ms
2022.12.07 14:39:35 INFO  ce[AYTsz4JJVqqC7P8XWeqF][o.s.s.e.EsClientProvider] Connected to local Elasticsearch: [http://kubernetes.docker.internal:9001]
2022.12.07 14:39:40 INFO  ce[AYTsz4JJVqqC7P8XWeqF][o.s.c.t.s.ComputationStepExecutor] Load quality profiles | status=SUCCESS | time=4097ms
2022.12.07 14:39:40 INFO  ce[AYTsz4JJVqqC7P8XWeqF][o.s.c.t.s.ComputationStepExecutor] Load file hashes and statuses | status=SUCCESS | time=10ms
2022.12.07 14:39:40 INFO  ce[AYTsz4JJVqqC7P8XWeqF][o.s.c.t.s.ComputationStepExecutor] Load Quality gate | status=SUCCESS | time=30ms
2022.12.07 14:39:40 INFO  ce[AYTsz4JJVqqC7P8XWeqF][o.s.c.t.s.ComputationStepExecutor] Load new code period | status=SUCCESS | time=9ms
2022.12.07 14:39:40 INFO  ce[AYTsz4JJVqqC7P8XWeqF][o.s.c.t.s.ComputationStepExecutor] Detect file moves | status=SUCCESS | time=0ms
2022.12.07 14:39:41 INFO  ce[AYTsz4JJVqqC7P8XWeqF][o.s.c.t.s.ComputationStepExecutor] Load duplications | duplications=776 | status=SUCCESS | time=1233ms
2022.12.07 14:39:41 INFO  ce[AYTsz4JJVqqC7P8XWeqF][o.s.c.t.s.ComputationStepExecutor] Compute cross project duplications | status=SUCCESS | time=0ms
2022.12.07 14:39:45 INFO  ce[AYTsz4JJVqqC7P8XWeqF][o.s.c.t.s.ComputationStepExecutor] Compute size measures | status=SUCCESS | time=3632ms
2022.12.07 14:39:45 INFO  ce[AYTsz4JJVqqC7P8XWeqF][o.s.c.t.s.ComputationStepExecutor] Compute new coverage | status=SUCCESS | time=70ms
2022.12.07 14:39:47 INFO  ce[AYTsz4JJVqqC7P8XWeqF][o.s.c.t.s.ComputationStepExecutor] Compute coverage measures | status=SUCCESS | time=2613ms
2022.12.07 14:39:48 INFO  ce[AYTsz4JJVqqC7P8XWeqF][o.s.c.t.s.ComputationStepExecutor] Compute comment measures | status=SUCCESS | time=99ms
2022.12.07 14:39:48 INFO  ce[AYTsz4JJVqqC7P8XWeqF][o.s.c.t.s.ComputationStepExecutor] Compute duplication measures | status=SUCCESS | time=58ms
2022.12.07 14:39:48 INFO  ce[AYTsz4JJVqqC7P8XWeqF][o.s.c.t.s.ComputationStepExecutor] Compute size measures on new code | status=SUCCESS | time=21ms
2022.12.07 14:39:48 INFO  ce[AYTsz4JJVqqC7P8XWeqF][o.s.c.t.s.ComputationStepExecutor] Compute language distribution | status=SUCCESS | time=110ms
2022.12.07 14:39:48 INFO  ce[AYTsz4JJVqqC7P8XWeqF][o.s.c.t.s.ComputationStepExecutor] Compute test measures | status=SUCCESS | time=34ms
2022.12.07 14:39:48 INFO  ce[AYTsz4JJVqqC7P8XWeqF][o.s.c.t.s.ComputationStepExecutor] Compute complexity measures | status=SUCCESS | time=49ms
2022.12.07 14:39:48 INFO  ce[AYTsz4JJVqqC7P8XWeqF][o.s.c.t.s.ComputationStepExecutor] Load measure computers | status=SUCCESS | time=6ms
2022.12.07 14:39:48 INFO  ce[AYTsz4JJVqqC7P8XWeqF][o.s.c.t.s.ComputationStepExecutor] Compute Quality Profile status | status=SUCCESS | time=10ms
2022.12.07 14:40:16 INFO  ce[AYTsz4JJVqqC7P8XWeqF][o.s.c.t.s.ComputationStepExecutor] Execute component visitors | status=SUCCESS | time=27630ms
2022.12.07 14:40:16 INFO  ce[AYTsz4JJVqqC7P8XWeqF][o.s.c.t.s.ComputationStepExecutor] Checks executed after computation of measures | status=SUCCESS | time=1ms
2022.12.07 14:40:16 INFO  ce[AYTsz4JJVqqC7P8XWeqF][o.s.c.t.s.ComputationStepExecutor] Compute Quality Gate measures | status=SUCCESS | time=19ms
2022.12.07 14:40:16 INFO  ce[AYTsz4JJVqqC7P8XWeqF][o.s.c.t.s.ComputationStepExecutor] Compute Quality profile measures | status=SUCCESS | time=32ms
2022.12.07 14:40:16 INFO  ce[AYTsz4JJVqqC7P8XWeqF][o.s.c.t.s.ComputationStepExecutor] Generate Quality profile events | status=SUCCESS | time=5ms
2022.12.07 14:40:16 INFO  ce[AYTsz4JJVqqC7P8XWeqF][o.s.c.t.s.ComputationStepExecutor] Generate Quality gate events | status=SUCCESS | time=3ms
2022.12.07 14:40:16 INFO  ce[AYTsz4JJVqqC7P8XWeqF][o.s.c.t.s.ComputationStepExecutor] Check upgrade possibility for not analyzed code files. | status=SUCCESS | time=3ms
2022.12.07 14:40:16 INFO  ce[AYTsz4JJVqqC7P8XWeqF][o.s.c.t.s.ComputationStepExecutor] Persist scanner analysis cache | status=SUCCESS | time=16ms
2022.12.07 14:40:18 INFO  ce[AYTsz4JJVqqC7P8XWeqF][o.s.c.t.s.ComputationStepExecutor] Persist components | status=SUCCESS | time=2509ms
2022.12.07 14:40:18 INFO  ce[AYTsz4JJVqqC7P8XWeqF][o.s.c.t.s.ComputationStepExecutor] Persist analysis | status=SUCCESS | time=18ms
2022.12.07 14:40:18 INFO  ce[AYTsz4JJVqqC7P8XWeqF][o.s.c.t.s.ComputationStepExecutor] Persist analysis properties | status=SUCCESS | time=10ms
2022.12.07 14:40:19 INFO  ce[AYTsz4JJVqqC7P8XWeqF][o.s.c.t.s.ComputationStepExecutor] Persist measures | inserts=51 | status=SUCCESS | time=55ms
2022.12.07 14:40:55 INFO  ce[AYTsz4JJVqqC7P8XWeqF][o.s.c.t.s.ComputationStepExecutor] Persist live measures | insertsOrUpdates=100044 | status=SUCCESS | time=36753ms
2022.12.07 14:40:56 INFO  ce[AYTsz4JJVqqC7P8XWeqF][o.s.c.t.s.ComputationStepExecutor] Persist duplication data | insertsOrUpdates=404 | status=SUCCESS | time=475ms
2022.12.07 14:40:56 INFO  ce[AYTsz4JJVqqC7P8XWeqF][o.s.c.t.s.ComputationStepExecutor] Persist new ad hoc Rules | status=SUCCESS | time=1ms
2022.12.07 14:40:59 INFO  ce[AYTsz4JJVqqC7P8XWeqF][o.s.c.t.s.ComputationStepExecutor] Persist issues | cacheSize=3.3 MB | inserts=7238 | updates=0 | merged=0 | status=SUCCESS | time=3103ms
2022.12.07 14:40:59 INFO  ce[AYTsz4JJVqqC7P8XWeqF][o.s.c.t.s.ComputationStepExecutor] Delete issue changes | changes=0 | status=SUCCESS | time=1ms
2022.12.07 14:40:59 INFO  ce[AYTsz4JJVqqC7P8XWeqF][o.s.c.t.s.ComputationStepExecutor] Persist project links | status=SUCCESS | time=27ms
2022.12.07 14:40:59 INFO  ce[AYTsz4JJVqqC7P8XWeqF][o.s.c.t.s.ComputationStepExecutor] Persist events | status=SUCCESS | time=18ms
2022.12.07 14:41:24 INFO  ce[AYTsz4JJVqqC7P8XWeqF][o.s.c.t.s.ComputationStepExecutor] Persist sources | status=SUCCESS | time=25007ms
2022.12.07 14:41:24 INFO  ce[AYTsz4JJVqqC7P8XWeqF][o.s.c.t.s.ComputationStepExecutor] Persist cross project duplications | status=SUCCESS | time=0ms
2022.12.07 14:41:24 INFO  ce[AYTsz4JJVqqC7P8XWeqF][o.s.c.t.s.ComputationStepExecutor] Enable analysis | status=SUCCESS | time=43ms
2022.12.07 14:41:24 INFO  ce[AYTsz4JJVqqC7P8XWeqF][o.s.c.t.s.ComputationStepExecutor] Update last usage date of quality profiles | status=SUCCESS | time=22ms
2022.12.07 14:41:25 INFO  ce[AYTsz4JJVqqC7P8XWeqF][o.s.c.t.s.ComputationStepExecutor] Purge db | status=SUCCESS | time=794ms
2022.12.07 14:41:31 INFO  ce[AYTsz4JJVqqC7P8XWeqF][o.s.c.t.s.ComputationStepExecutor] Index analysis | status=SUCCESS | time=6461ms
2022.12.07 14:41:31 INFO  ce[AYTsz4JJVqqC7P8XWeqF][o.s.c.t.s.ComputationStepExecutor] Update need issue sync for branch | status=SUCCESS | time=2ms
2022.12.07 14:41:31 INFO  ce[AYTsz4JJVqqC7P8XWeqF][o.s.c.t.s.ComputationStepExecutor] Publishing taint vulnerabilities events | status=SUCCESS | time=97ms
2022.12.07 14:41:31 INFO  ce[AYTsz4JJVqqC7P8XWeqF][o.s.c.t.s.ComputationStepExecutor] Send issue notifications | newIssuesNotifs=0 | newIssuesDeliveries=0 | myNewIssuesNotifs=0 | myNewIssuesDeliveries=0 | changesNotifs=0 | changesDeliveries=0 | status=SUCCESS | time=15ms
2022.12.07 14:41:31 INFO  ce[AYTsz4JJVqqC7P8XWeqF][o.s.c.t.s.ComputationStepExecutor] Publish task results | status=SUCCESS | time=0ms
2022.12.07 14:41:31 INFO  ce[AYTsz4JJVqqC7P8XWeqF][o.s.c.t.s.ComputationStepExecutor] Trigger refresh of Portfolios and Applications | status=SUCCESS | time=0ms
2022.12.07 14:41:31 INFO  ce[AYTsz4JJVqqC7P8XWeqF][o.s.c.t.p.a.p.PostProjectAnalysisTasksExecutor] Webhooks | globalWebhooks=0 | projectWebhooks=0 | status=SUCCESS | time=14ms
2022.12.07 14:41:44 INFO  ce[AYTsz4JJVqqC7P8XWeqF][o.s.c.t.CeWorkerImpl] Executed task | project=To_Analyze | type=REPORT | id=AYTsz4JJVqqC7P8XWeqF | status=SUCCESS | time=170144ms
2022.12.07 14:45:18 INFO  ce[][o.s.p.ProcessEntryPoint] Gracefully stopping process
2022.12.07 14:45:18 INFO  ce[][o.s.ce.app.CeServer] Compute Engine is stopping...
2022.12.07 14:45:18 INFO  ce[][o.s.c.t.CeProcessingSchedulerImpl] Gracefully stopping workers...
2022.12.07 14:45:18 INFO  ce[][c.z.h.HikariDataSource] HikariPool-1 - Shutdown initiated...
2022.12.07 14:45:18 INFO  ce[][c.z.h.HikariDataSource] HikariPool-1 - Shutdown completed.
2022.12.07 14:45:18 INFO  ce[][o.s.ce.app.CeServer] Compute Engine is stopped
2022.12.07 14:48:17 INFO  ce[][o.s.p.ProcessEntryPoint] Starting Compute Engine
2022.12.07 14:48:17 INFO  ce[][o.s.ce.app.CeServer] Compute Engine starting up...
2022.12.07 14:48:19 INFO  ce[][o.sonar.db.Database] Create JDBC data source for jdbc:h2:tcp://127.0.0.1:9092/sonar;NON_KEYWORDS=VALUE
2022.12.07 14:48:19 INFO  ce[][c.z.h.HikariDataSource] HikariPool-1 - Starting...
2022.12.07 14:48:19 INFO  ce[][c.z.h.p.HikariPool] HikariPool-1 - Added connection conn0: url=jdbc:h2:tcp://127.0.0.1:9092/sonar user=
2022.12.07 14:48:19 INFO  ce[][c.z.h.HikariDataSource] HikariPool-1 - Start completed.
2022.12.07 14:48:19 WARN  ce[][o.s.db.dialect.H2] H2 database should be used for evaluation purpose only.
2022.12.07 14:48:22 INFO  ce[][o.s.s.p.ServerFileSystemImpl] SonarQube home: C:\Users\panne\Progetto-evoluzione-qualita-del-Software\tools\sonarqube
2022.12.07 14:48:23 INFO  ce[][o.s.c.c.CePluginRepository] Load plugins
2022.12.07 14:48:26 INFO  ce[][o.s.c.c.ComputeEngineContainerImpl] Running Community edition
2022.12.07 14:48:26 INFO  ce[][o.s.ce.app.CeServer] Compute Engine is started
2022.12.07 14:54:40 INFO  ce[][o.s.c.t.CeWorkerImpl] Execute task | project=To_Analyze | type=REPORT | id=AYTs3fE_wfgydF8xVvEv
2022.12.07 14:55:18 INFO  ce[AYTs3fE_wfgydF8xVvEv][o.s.c.t.s.ComputationStepExecutor] Extract report | status=SUCCESS | time=37008ms
2022.12.07 14:55:18 INFO  ce[AYTs3fE_wfgydF8xVvEv][o.s.c.t.s.ComputationStepExecutor] Persist scanner context | status=SUCCESS | time=15ms
2022.12.07 14:55:18 INFO  ce[AYTs3fE_wfgydF8xVvEv][o.s.c.t.s.ComputationStepExecutor] Propagate analysis warnings from scanner report | status=SUCCESS | time=58ms
2022.12.07 14:55:18 INFO  ce[AYTs3fE_wfgydF8xVvEv][o.s.c.t.s.ComputationStepExecutor] Generate analysis UUID | status=SUCCESS | time=0ms
2022.12.07 14:55:18 INFO  ce[AYTs3fE_wfgydF8xVvEv][o.s.c.t.s.ComputationStepExecutor] Load analysis metadata | status=SUCCESS | time=181ms
2022.12.07 14:55:18 INFO  ce[AYTs3fE_wfgydF8xVvEv][o.s.c.t.s.ComputationStepExecutor] Initialize | status=SUCCESS | time=0ms
2022.12.07 14:55:22 INFO  ce[AYTs3fE_wfgydF8xVvEv][o.s.c.t.s.ComputationStepExecutor] Build tree of components | components=3564 | status=SUCCESS | time=3856ms
2022.12.07 14:55:22 INFO  ce[AYTs3fE_wfgydF8xVvEv][o.s.c.t.s.ComputationStepExecutor] Validate project | status=SUCCESS | time=17ms
2022.12.07 14:55:22 INFO  ce[AYTs3fE_wfgydF8xVvEv][o.s.s.e.EsClientProvider] Connected to local Elasticsearch: [http://kubernetes.docker.internal:9001]
2022.12.07 14:55:27 INFO  ce[AYTs3fE_wfgydF8xVvEv][o.s.c.t.s.ComputationStepExecutor] Load quality profiles | status=SUCCESS | time=4550ms
2022.12.07 14:55:27 INFO  ce[AYTs3fE_wfgydF8xVvEv][o.s.c.t.s.ComputationStepExecutor] Load file hashes and statuses | status=SUCCESS | time=10ms
2022.12.07 14:55:28 INFO  ce[AYTs3fE_wfgydF8xVvEv][o.s.c.t.s.ComputationStepExecutor] Load Quality gate | status=SUCCESS | time=28ms
2022.12.07 14:55:28 INFO  ce[AYTs3fE_wfgydF8xVvEv][o.s.c.t.s.ComputationStepExecutor] Load new code period | status=SUCCESS | time=20ms
2022.12.07 14:55:28 INFO  ce[AYTs3fE_wfgydF8xVvEv][o.s.c.t.s.ComputationStepExecutor] Detect file moves | status=SUCCESS | time=0ms
2022.12.07 14:55:29 INFO  ce[AYTs3fE_wfgydF8xVvEv][o.s.c.t.s.ComputationStepExecutor] Load duplications | duplications=776 | status=SUCCESS | time=1341ms
2022.12.07 14:55:29 INFO  ce[AYTs3fE_wfgydF8xVvEv][o.s.c.t.s.ComputationStepExecutor] Compute cross project duplications | status=SUCCESS | time=0ms
2022.12.07 14:55:33 INFO  ce[AYTs3fE_wfgydF8xVvEv][o.s.c.t.s.ComputationStepExecutor] Compute size measures | status=SUCCESS | time=3647ms
2022.12.07 14:55:33 INFO  ce[AYTs3fE_wfgydF8xVvEv][o.s.c.t.s.ComputationStepExecutor] Compute new coverage | status=SUCCESS | time=51ms
2022.12.07 14:55:35 INFO  ce[AYTs3fE_wfgydF8xVvEv][o.s.c.t.s.ComputationStepExecutor] Compute coverage measures | status=SUCCESS | time=2550ms
2022.12.07 14:55:35 INFO  ce[AYTs3fE_wfgydF8xVvEv][o.s.c.t.s.ComputationStepExecutor] Compute comment measures | status=SUCCESS | time=69ms
2022.12.07 14:55:35 INFO  ce[AYTs3fE_wfgydF8xVvEv][o.s.c.t.s.ComputationStepExecutor] Compute duplication measures | status=SUCCESS | time=72ms
2022.12.07 14:55:35 INFO  ce[AYTs3fE_wfgydF8xVvEv][o.s.c.t.s.ComputationStepExecutor] Compute size measures on new code | status=SUCCESS | time=21ms
2022.12.07 14:55:36 INFO  ce[AYTs3fE_wfgydF8xVvEv][o.s.c.t.s.ComputationStepExecutor] Compute language distribution | status=SUCCESS | time=120ms
2022.12.07 14:55:36 INFO  ce[AYTs3fE_wfgydF8xVvEv][o.s.c.t.s.ComputationStepExecutor] Compute test measures | status=SUCCESS | time=28ms
2022.12.07 14:55:36 INFO  ce[AYTs3fE_wfgydF8xVvEv][o.s.c.t.s.ComputationStepExecutor] Compute complexity measures | status=SUCCESS | time=50ms
2022.12.07 14:55:36 INFO  ce[AYTs3fE_wfgydF8xVvEv][o.s.c.t.s.ComputationStepExecutor] Load measure computers | status=SUCCESS | time=9ms
2022.12.07 14:55:36 INFO  ce[AYTs3fE_wfgydF8xVvEv][o.s.c.t.s.ComputationStepExecutor] Compute Quality Profile status | status=SUCCESS | time=7ms
2022.12.07 14:56:04 INFO  ce[AYTs3fE_wfgydF8xVvEv][o.s.c.t.s.ComputationStepExecutor] Execute component visitors | status=SUCCESS | time=28085ms
2022.12.07 14:56:04 INFO  ce[AYTs3fE_wfgydF8xVvEv][o.s.c.t.s.ComputationStepExecutor] Checks executed after computation of measures | status=SUCCESS | time=1ms
2022.12.07 14:56:04 INFO  ce[AYTs3fE_wfgydF8xVvEv][o.s.c.t.s.ComputationStepExecutor] Compute Quality Gate measures | status=SUCCESS | time=21ms
2022.12.07 14:56:04 INFO  ce[AYTs3fE_wfgydF8xVvEv][o.s.c.t.s.ComputationStepExecutor] Compute Quality profile measures | status=SUCCESS | time=46ms
2022.12.07 14:56:04 INFO  ce[AYTs3fE_wfgydF8xVvEv][o.s.c.t.s.ComputationStepExecutor] Generate Quality profile events | status=SUCCESS | time=2ms
2022.12.07 14:56:04 INFO  ce[AYTs3fE_wfgydF8xVvEv][o.s.c.t.s.ComputationStepExecutor] Generate Quality gate events | status=SUCCESS | time=4ms
2022.12.07 14:56:04 INFO  ce[AYTs3fE_wfgydF8xVvEv][o.s.c.t.s.ComputationStepExecutor] Check upgrade possibility for not analyzed code files. | status=SUCCESS | time=3ms
2022.12.07 14:56:04 INFO  ce[AYTs3fE_wfgydF8xVvEv][o.s.c.t.s.ComputationStepExecutor] Persist scanner analysis cache | status=SUCCESS | time=17ms
2022.12.07 14:56:07 INFO  ce[AYTs3fE_wfgydF8xVvEv][o.s.c.t.s.ComputationStepExecutor] Persist components | status=SUCCESS | time=2495ms
2022.12.07 14:56:07 INFO  ce[AYTs3fE_wfgydF8xVvEv][o.s.c.t.s.ComputationStepExecutor] Persist analysis | status=SUCCESS | time=8ms
2022.12.07 14:56:07 INFO  ce[AYTs3fE_wfgydF8xVvEv][o.s.c.t.s.ComputationStepExecutor] Persist analysis properties | status=SUCCESS | time=10ms
2022.12.07 14:56:07 INFO  ce[AYTs3fE_wfgydF8xVvEv][o.s.c.t.s.ComputationStepExecutor] Persist measures | inserts=51 | status=SUCCESS | time=39ms
2022.12.07 14:56:43 INFO  ce[AYTs3fE_wfgydF8xVvEv][o.s.c.t.s.ComputationStepExecutor] Persist live measures | insertsOrUpdates=100044 | status=SUCCESS | time=36447ms
2022.12.07 14:56:44 INFO  ce[AYTs3fE_wfgydF8xVvEv][o.s.c.t.s.ComputationStepExecutor] Persist duplication data | insertsOrUpdates=404 | status=SUCCESS | time=456ms
2022.12.07 14:56:44 INFO  ce[AYTs3fE_wfgydF8xVvEv][o.s.c.t.s.ComputationStepExecutor] Persist new ad hoc Rules | status=SUCCESS | time=2ms
2022.12.07 14:56:47 INFO  ce[AYTs3fE_wfgydF8xVvEv][o.s.c.t.s.ComputationStepExecutor] Persist issues | cacheSize=3.3 MB | inserts=7238 | updates=0 | merged=0 | status=SUCCESS | time=3087ms
2022.12.07 14:56:47 INFO  ce[AYTs3fE_wfgydF8xVvEv][o.s.c.t.s.ComputationStepExecutor] Delete issue changes | changes=0 | status=SUCCESS | time=0ms
2022.12.07 14:56:47 INFO  ce[AYTs3fE_wfgydF8xVvEv][o.s.c.t.s.ComputationStepExecutor] Persist project links | status=SUCCESS | time=13ms
2022.12.07 14:56:47 INFO  ce[AYTs3fE_wfgydF8xVvEv][o.s.c.t.s.ComputationStepExecutor] Persist events | status=SUCCESS | time=8ms
2022.12.07 14:57:12 INFO  ce[AYTs3fE_wfgydF8xVvEv][o.s.c.t.s.ComputationStepExecutor] Persist sources | status=SUCCESS | time=25081ms
2022.12.07 14:57:12 INFO  ce[AYTs3fE_wfgydF8xVvEv][o.s.c.t.s.ComputationStepExecutor] Persist cross project duplications | status=SUCCESS | time=0ms
2022.12.07 14:57:12 INFO  ce[AYTs3fE_wfgydF8xVvEv][o.s.c.t.s.ComputationStepExecutor] Enable analysis | status=SUCCESS | time=60ms
2022.12.07 14:57:12 INFO  ce[AYTs3fE_wfgydF8xVvEv][o.s.c.t.s.ComputationStepExecutor] Update last usage date of quality profiles | status=SUCCESS | time=22ms
2022.12.07 14:57:13 INFO  ce[AYTs3fE_wfgydF8xVvEv][o.s.c.t.s.ComputationStepExecutor] Purge db | status=SUCCESS | time=705ms
2022.12.07 14:57:19 INFO  ce[AYTs3fE_wfgydF8xVvEv][o.s.c.t.s.ComputationStepExecutor] Index analysis | status=SUCCESS | time=6313ms
2022.12.07 14:57:19 INFO  ce[AYTs3fE_wfgydF8xVvEv][o.s.c.t.s.ComputationStepExecutor] Update need issue sync for branch | status=SUCCESS | time=3ms
2022.12.07 14:57:19 INFO  ce[AYTs3fE_wfgydF8xVvEv][o.s.c.t.s.ComputationStepExecutor] Publishing taint vulnerabilities events | status=SUCCESS | time=86ms
2022.12.07 14:57:19 INFO  ce[AYTs3fE_wfgydF8xVvEv][o.s.c.t.s.ComputationStepExecutor] Send issue notifications | newIssuesNotifs=0 | newIssuesDeliveries=0 | myNewIssuesNotifs=0 | myNewIssuesDeliveries=0 | changesNotifs=0 | changesDeliveries=0 | status=SUCCESS | time=8ms
2022.12.07 14:57:19 INFO  ce[AYTs3fE_wfgydF8xVvEv][o.s.c.t.s.ComputationStepExecutor] Publish task results | status=SUCCESS | time=0ms
2022.12.07 14:57:19 INFO  ce[AYTs3fE_wfgydF8xVvEv][o.s.c.t.s.ComputationStepExecutor] Trigger refresh of Portfolios and Applications | status=SUCCESS | time=0ms
2022.12.07 14:57:19 INFO  ce[AYTs3fE_wfgydF8xVvEv][o.s.c.t.p.a.p.PostProjectAnalysisTasksExecutor] Webhooks | globalWebhooks=0 | projectWebhooks=0 | status=SUCCESS | time=11ms
2022.12.07 14:57:31 INFO  ce[AYTs3fE_wfgydF8xVvEv][o.s.c.t.CeWorkerImpl] Executed task | project=To_Analyze | type=REPORT | id=AYTs3fE_wfgydF8xVvEv | status=SUCCESS | time=171910ms
2022.12.07 15:06:04 INFO  ce[][o.s.p.ProcessEntryPoint] Gracefully stopping process
2022.12.07 15:06:04 INFO  ce[][o.s.ce.app.CeServer] Compute Engine is stopping...
2022.12.07 15:06:04 INFO  ce[][o.s.c.t.CeProcessingSchedulerImpl] Gracefully stopping workers...
2022.12.07 15:06:04 INFO  ce[][c.z.h.HikariDataSource] HikariPool-1 - Shutdown initiated...
2022.12.07 15:06:04 INFO  ce[][c.z.h.HikariDataSource] HikariPool-1 - Shutdown completed.
2022.12.07 15:06:04 INFO  ce[][o.s.ce.app.CeServer] Compute Engine is stopped
2023.01.04 12:41:29 INFO  ce[][o.s.p.ProcessEntryPoint] Starting Compute Engine
2023.01.04 12:41:29 INFO  ce[][o.s.ce.app.CeServer] Compute Engine starting up...
2023.01.04 12:41:30 INFO  ce[][o.sonar.db.Database] Create JDBC data source for jdbc:h2:tcp://127.0.0.1:9092/sonar;NON_KEYWORDS=VALUE
2023.01.04 12:41:30 INFO  ce[][c.z.h.HikariDataSource] HikariPool-1 - Starting...
2023.01.04 12:41:30 INFO  ce[][c.z.h.p.HikariPool] HikariPool-1 - Added connection conn0: url=jdbc:h2:tcp://127.0.0.1:9092/sonar user=
2023.01.04 12:41:30 INFO  ce[][c.z.h.HikariDataSource] HikariPool-1 - Start completed.
2023.01.04 12:41:30 WARN  ce[][o.s.db.dialect.H2] H2 database should be used for evaluation purpose only.
2023.01.04 12:41:33 INFO  ce[][o.s.s.p.ServerFileSystemImpl] SonarQube home: C:\Users\panne\SoftwareEvolutionToolchainWrapper\tools\sonarqube
2023.01.04 12:41:34 INFO  ce[][o.s.c.c.CePluginRepository] Load plugins
2023.01.04 12:41:38 INFO  ce[][o.s.c.c.ComputeEngineContainerImpl] Running Community edition
2023.01.04 12:41:38 INFO  ce[][o.s.ce.app.CeServer] Compute Engine is started
2023.01.04 12:44:08 INFO  ce[][o.s.p.ProcessEntryPoint] Gracefully stopping process
2023.01.04 12:44:08 INFO  ce[][o.s.ce.app.CeServer] Compute Engine is stopping...
2023.01.04 12:44:08 INFO  ce[][o.s.c.t.CeProcessingSchedulerImpl] Gracefully stopping workers...
2023.01.04 12:44:08 INFO  ce[][c.z.h.HikariDataSource] HikariPool-1 - Shutdown initiated...
2023.01.04 12:44:08 INFO  ce[][c.z.h.HikariDataSource] HikariPool-1 - Shutdown completed.
2023.01.04 12:44:08 INFO  ce[][o.s.ce.app.CeServer] Compute Engine is stopped
