2022.12.06 22:42:22 INFO  es[][o.e.n.Node] version[7.17.5], pid[9196], build[unknown/unknown/8d61b4f7ddf931f219e3745f295ed2bbc50c8e84/2022-06-23T21:57:28.736740635Z], OS[Windows 10/10.0/amd64], JVM[Oracle Corporation/Java HotSpot(TM) 64-Bit Server VM/16.0.1/16.0.1+9-24]
2022.12.06 22:42:22 INFO  es[][o.e.n.Node] JVM home [C:\Program Files\Java\jdk-16.0.1]
2022.12.06 22:42:22 INFO  es[][o.e.n.Node] JVM arguments [-XX:+UseG1GC, -Djava.io.tmpdir=D:\Download\sonarqube-9.7.1.62043\temp, -XX:ErrorFile=../logs/es_hs_err_pid%p.log, -Des.networkaddress.cache.ttl=60, -Des.networkaddress.cache.negative.ttl=10, -XX:+AlwaysPreTouch, -Xss1m, -Djava.awt.headless=true, -Dfile.encoding=UTF-8, -Djna.nosys=true, -Djna.tmpdir=D:\Download\sonarqube-9.7.1.62043\temp, -XX:-OmitStackTraceInFastThrow, -Dio.netty.noUnsafe=true, -Dio.netty.noKeySetOptimization=true, -Dio.netty.recycler.maxCapacityPerThread=0, -Dio.netty.allocator.numDirectArenas=0, -Dlog4j.shutdownHookEnabled=false, -Dlog4j2.disable.jmx=true, -Dlog4j2.formatMsgNoLookups=true, -Djava.locale.providers=COMPAT, -Dcom.redhat.fips=false, -Xmx512m, -Xms512m, -XX:MaxDirectMemorySize=256m, -XX:+HeapDumpOnOutOfMemoryError, -Delasticsearch, -Des.path.home=D:\Download\sonarqube-9.7.1.62043\elasticsearch, -Des.path.conf=D:\Download\sonarqube-9.7.1.62043\temp\conf\es]
2022.12.06 22:42:23 INFO  es[][o.e.p.PluginsService] loaded module [analysis-common]
2022.12.06 22:42:23 INFO  es[][o.e.p.PluginsService] loaded module [lang-painless]
2022.12.06 22:42:23 INFO  es[][o.e.p.PluginsService] loaded module [parent-join]
2022.12.06 22:42:23 INFO  es[][o.e.p.PluginsService] loaded module [reindex]
2022.12.06 22:42:23 INFO  es[][o.e.p.PluginsService] loaded module [transport-netty4]
2022.12.06 22:42:23 INFO  es[][o.e.p.PluginsService] no plugins loaded
2022.12.06 22:42:23 INFO  es[][o.e.e.NodeEnvironment] using [1] data paths, mounts [[Data (D:)]], net usable_space [748.5gb], net total_space [931.5gb], types [NTFS]
2022.12.06 22:42:23 INFO  es[][o.e.e.NodeEnvironment] heap size [512mb], compressed ordinary object pointers [true]
2022.12.06 22:42:23 INFO  es[][o.e.n.Node] node name [sonarqube], node ID [3sJXYf8bRJeGqZyPidYhIA], cluster name [sonarqube], roles [data_frozen, master, remote_cluster_client, data, data_content, data_hot, data_warm, data_cold, ingest]
2022.12.06 22:42:31 INFO  es[][o.e.t.NettyAllocator] creating NettyAllocator with the following configs: [name=unpooled, suggested_max_allocation_size=256kb, factors={es.unsafe.use_unpooled_allocator=null, g1gc_enabled=true, g1gc_region_size=1mb, heap_size=512mb}]
2022.12.06 22:42:31 INFO  es[][o.e.i.r.RecoverySettings] using rate limit [40mb] with [default=40mb, read=0b, write=0b, max=0b]
2022.12.06 22:42:32 INFO  es[][o.e.d.DiscoveryModule] using discovery type [zen] and seed hosts providers [settings]
2022.12.06 22:42:33 INFO  es[][o.e.g.DanglingIndicesState] gateway.auto_import_dangling_indices is disabled, dangling indices will not be automatically detected or imported and must be managed manually
2022.12.06 22:42:33 INFO  es[][o.e.n.Node] initialized
2022.12.06 22:42:33 INFO  es[][o.e.n.Node] starting ...
2022.12.06 22:42:34 INFO  es[][o.e.t.TransportService] publish_address {127.0.0.1:57211}, bound_addresses {127.0.0.1:57211}
2022.12.06 22:42:34 INFO  es[][o.e.c.c.Coordinator] setting initial configuration to VotingConfiguration{3sJXYf8bRJeGqZyPidYhIA}
2022.12.06 22:42:34 INFO  es[][o.e.c.s.MasterService] elected-as-master ([1] nodes joined)[{sonarqube}{3sJXYf8bRJeGqZyPidYhIA}{4Uaofn4xSmak3tP_YoBUsA}{127.0.0.1}{127.0.0.1:57211}{cdfhimrsw} elect leader, _BECOME_MASTER_TASK_, _FINISH_ELECTION_], term: 1, version: 1, delta: master node changed {previous [], current [{sonarqube}{3sJXYf8bRJeGqZyPidYhIA}{4Uaofn4xSmak3tP_YoBUsA}{127.0.0.1}{127.0.0.1:57211}{cdfhimrsw}]}
2022.12.06 22:42:35 INFO  es[][o.e.c.c.CoordinationState] cluster UUID set to [bYWoYnA0STOaL1Pps92slQ]
2022.12.06 22:42:35 INFO  es[][o.e.c.s.ClusterApplierService] master node changed {previous [], current [{sonarqube}{3sJXYf8bRJeGqZyPidYhIA}{4Uaofn4xSmak3tP_YoBUsA}{127.0.0.1}{127.0.0.1:57211}{cdfhimrsw}]}, term: 1, version: 1, reason: Publication{term=1, version=1}
2022.12.06 22:42:35 INFO  es[][o.e.h.AbstractHttpServerTransport] publish_address {127.0.0.1:9001}, bound_addresses {127.0.0.1:9001}
2022.12.06 22:42:35 INFO  es[][o.e.n.Node] started
2022.12.06 22:42:35 INFO  es[][o.e.g.GatewayService] recovered [0] indices into cluster_state
2022.12.06 22:42:59 INFO  es[][o.e.c.m.MetadataCreateIndexService] [metadatas] creating index, cause [api], templates [], shards [1]/[0]
2022.12.06 22:43:00 INFO  es[][o.e.c.r.a.AllocationService] Cluster health status changed from [YELLOW] to [GREEN] (reason: [shards started [[metadatas][0]]]).
2022.12.06 22:43:00 INFO  es[][o.e.c.m.MetadataMappingService] [metadatas/cxHQI8nbRIWYB1ZYIs-T7Q] create_mapping [metadata]
2022.12.06 22:43:01 INFO  es[][o.e.c.m.MetadataCreateIndexService] [components] creating index, cause [api], templates [], shards [5]/[0]
2022.12.06 22:43:03 INFO  es[][o.e.c.r.a.AllocationService] Cluster health status changed from [YELLOW] to [GREEN] (reason: [shards started [[components][4]]]).
2022.12.06 22:43:03 INFO  es[][o.e.c.m.MetadataMappingService] [components/hiMQoBUWTYmMB-dQLOvVqg] create_mapping [auth]
2022.12.06 22:43:03 INFO  es[][o.e.c.m.MetadataCreateIndexService] [projectmeasures] creating index, cause [api], templates [], shards [5]/[0]
2022.12.06 22:43:05 INFO  es[][o.e.c.r.a.AllocationService] Cluster health status changed from [YELLOW] to [GREEN] (reason: [shards started [[projectmeasures][4]]]).
2022.12.06 22:43:05 INFO  es[][o.e.c.m.MetadataMappingService] [projectmeasures/bxYtAb5CQuuonAcMTXbaDA] create_mapping [auth]
2022.12.06 22:43:05 INFO  es[][o.e.c.m.MetadataCreateIndexService] [rules] creating index, cause [api], templates [], shards [2]/[0]
2022.12.06 22:43:06 INFO  es[][o.e.c.r.a.AllocationService] Cluster health status changed from [YELLOW] to [GREEN] (reason: [shards started [[rules][0]]]).
2022.12.06 22:43:06 INFO  es[][o.e.c.m.MetadataMappingService] [rules/QAp41O-bT-SqJ48HSUDGVQ] create_mapping [rule]
2022.12.06 22:43:07 INFO  es[][o.e.c.m.MetadataCreateIndexService] [issues] creating index, cause [api], templates [], shards [5]/[0]
2022.12.06 22:43:08 INFO  es[][o.e.c.r.a.AllocationService] Cluster health status changed from [YELLOW] to [GREEN] (reason: [shards started [[issues][4]]]).
2022.12.06 22:43:08 INFO  es[][o.e.c.m.MetadataMappingService] [issues/rIjnfhSVSzm2cDlYdVNUzQ] create_mapping [auth]
2022.12.06 22:43:08 INFO  es[][o.e.c.m.MetadataCreateIndexService] [users] creating index, cause [api], templates [], shards [1]/[0]
2022.12.06 22:43:09 INFO  es[][o.e.c.r.a.AllocationService] Cluster health status changed from [YELLOW] to [GREEN] (reason: [shards started [[users][0]]]).
2022.12.06 22:43:09 INFO  es[][o.e.c.m.MetadataMappingService] [users/mNx9BwcwTUq4LA4QgnbZ6A] create_mapping [user]
2022.12.06 22:43:09 INFO  es[][o.e.c.m.MetadataCreateIndexService] [views] creating index, cause [api], templates [], shards [5]/[0]
2022.12.06 22:43:10 INFO  es[][o.e.c.r.a.AllocationService] Cluster health status changed from [YELLOW] to [GREEN] (reason: [shards started [[views][4]]]).
2022.12.06 22:43:10 INFO  es[][o.e.c.m.MetadataMappingService] [views/U9SBClzjRbaXvDSbSFFRCw] create_mapping [view]
2022.12.06 22:44:14 INFO  es[][o.e.c.s.IndexScopedSettings] updating [index.refresh_interval] from [30s] to [-1]
2022.12.06 22:44:15 INFO  es[][o.e.c.s.IndexScopedSettings] updating [index.refresh_interval] from [30s] to [-1]
2022.12.06 22:44:15 INFO  es[][o.e.c.s.IndexScopedSettings] updating [index.refresh_interval] from [-1] to [30s]
2022.12.06 22:44:15 INFO  es[][o.e.c.s.IndexScopedSettings] updating [index.refresh_interval] from [-1] to [30s]
2022.12.06 22:44:16 INFO  es[][o.e.c.s.IndexScopedSettings] updating [index.refresh_interval] from [30s] to [-1]
2022.12.06 22:44:16 INFO  es[][o.e.c.s.IndexScopedSettings] updating [index.refresh_interval] from [30s] to [-1]
2022.12.06 22:44:16 INFO  es[][o.e.c.s.IndexScopedSettings] updating [index.refresh_interval] from [-1] to [30s]
2022.12.06 22:44:16 INFO  es[][o.e.c.s.IndexScopedSettings] updating [index.refresh_interval] from [-1] to [30s]
