2022.12.06 22:42:16 INFO  app[][o.s.a.AppFileSystem] Cleaning or creating temp directory D:\Download\sonarqube-9.7.1.62043\temp
2022.12.06 22:42:16 INFO  app[][o.s.a.es.EsSettings] Elasticsearch listening on [HTTP: 127.0.0.1:9001, TCP: 127.0.0.1:57211]
2022.12.06 22:42:16 INFO  app[][o.s.a.ProcessLauncherImpl] Launch process[ELASTICSEARCH] from [D:\Download\sonarqube-9.7.1.62043\elasticsearch]: C:\Program Files\Java\jdk-16.0.1\bin\java -XX:+UseG1GC -Djava.io.tmpdir=D:\Download\sonarqube-9.7.1.62043\temp -XX:ErrorFile=../logs/es_hs_err_pid%p.log -Des.networkaddress.cache.ttl=60 -Des.networkaddress.cache.negative.ttl=10 -XX:+AlwaysPreTouch -Xss1m -Djava.awt.headless=true -Dfile.encoding=UTF-8 -Djna.nosys=true -Djna.tmpdir=D:\Download\sonarqube-9.7.1.62043\temp -XX:-OmitStackTraceInFastThrow -Dio.netty.noUnsafe=true -Dio.netty.noKeySetOptimization=true -Dio.netty.recycler.maxCapacityPerThread=0 -Dio.netty.allocator.numDirectArenas=0 -Dlog4j.shutdownHookEnabled=false -Dlog4j2.disable.jmx=true -Dlog4j2.formatMsgNoLookups=true -Djava.locale.providers=COMPAT -Dcom.redhat.fips=false -Xmx512m -Xms512m -XX:MaxDirectMemorySize=256m -XX:+HeapDumpOnOutOfMemoryError -Delasticsearch -Des.path.home=D:\Download\sonarqube-9.7.1.62043\elasticsearch -Des.path.conf=D:\Download\sonarqube-9.7.1.62043\temp\conf\es -cp lib/* org.elasticsearch.bootstrap.Elasticsearch
2022.12.06 22:42:16 INFO  app[][o.s.a.SchedulerImpl] Waiting for Elasticsearch to be up and running
2022.12.06 22:42:35 INFO  app[][o.s.a.SchedulerImpl] Process[es] is up
2022.12.06 22:42:35 INFO  app[][o.s.a.ProcessLauncherImpl] Launch process[WEB_SERVER] from [D:\Download\sonarqube-9.7.1.62043]: C:\Program Files\Java\jdk-16.0.1\bin\java -Djava.awt.headless=true -Dfile.encoding=UTF-8 -Djava.io.tmpdir=D:\Download\sonarqube-9.7.1.62043\temp -XX:-OmitStackTraceInFastThrow --add-opens=java.base/java.util=ALL-UNNAMED --add-opens=java.base/java.lang=ALL-UNNAMED --add-opens=java.base/java.io=ALL-UNNAMED --add-opens=java.rmi/sun.rmi.transport=ALL-UNNAMED --add-exports=java.base/jdk.internal.ref=ALL-UNNAMED --add-opens=java.base/java.nio=ALL-UNNAMED --add-opens=java.base/sun.nio.ch=ALL-UNNAMED --add-opens=java.management/sun.management=ALL-UNNAMED --add-opens=jdk.management/com.sun.management.internal=ALL-UNNAMED -Dcom.redhat.fips=false -Xmx512m -Xms128m -XX:+HeapDumpOnOutOfMemoryError -Dhttp.nonProxyHosts=localhost|127.*|[::1] -cp ./lib/sonar-application-9.7.1.62043.jar;D:\Download\sonarqube-9.7.1.62043\lib\jdbc\h2\h2-2.1.214.jar org.sonar.server.app.WebServer D:\Download\sonarqube-9.7.1.62043\temp\sq-process2775321988543296007properties
2022.12.06 22:44:17 INFO  app[][o.s.a.SchedulerImpl] Process[web] is up
2022.12.06 22:44:17 INFO  app[][o.s.a.ProcessLauncherImpl] Launch process[COMPUTE_ENGINE] from [D:\Download\sonarqube-9.7.1.62043]: C:\Program Files\Java\jdk-16.0.1\bin\java -Djava.awt.headless=true -Dfile.encoding=UTF-8 -Djava.io.tmpdir=D:\Download\sonarqube-9.7.1.62043\temp -XX:-OmitStackTraceInFastThrow --add-opens=java.base/java.util=ALL-UNNAMED --add-exports=java.base/jdk.internal.ref=ALL-UNNAMED --add-opens=java.base/java.lang=ALL-UNNAMED --add-opens=java.base/java.nio=ALL-UNNAMED --add-opens=java.base/sun.nio.ch=ALL-UNNAMED --add-opens=java.management/sun.management=ALL-UNNAMED --add-opens=jdk.management/com.sun.management.internal=ALL-UNNAMED -Dcom.redhat.fips=false -Xmx512m -Xms128m -XX:+HeapDumpOnOutOfMemoryError -Dhttp.nonProxyHosts=localhost|127.*|[::1] -cp ./lib/sonar-application-9.7.1.62043.jar;D:\Download\sonarqube-9.7.1.62043\lib\jdbc\h2\h2-2.1.214.jar org.sonar.ce.app.CeServer D:\Download\sonarqube-9.7.1.62043\temp\sq-process7029890147389959887properties
2022.12.06 22:44:18 WARN  app[][startup] ####################################################################################################################
2022.12.06 22:44:18 WARN  app[][startup] Default Administrator credentials are still being used. Make sure to change the password or deactivate the account.
2022.12.06 22:44:18 WARN  app[][startup] ####################################################################################################################
2022.12.06 22:44:29 INFO  app[][o.s.a.SchedulerImpl] Process[ce] is up
2022.12.06 22:44:29 INFO  app[][o.s.a.SchedulerImpl] SonarQube is operational
2022.12.06 22:46:54 INFO  app[][o.s.a.SchedulerImpl] Stopping SonarQube
2022.12.06 22:46:54 INFO  app[][o.s.a.SchedulerImpl] Sonarqube has been requested to stop
2022.12.06 22:46:54 INFO  app[][o.s.a.SchedulerImpl] Stopping [Compute Engine] process...
2022.12.06 22:46:55 INFO  app[][o.s.a.SchedulerImpl] Process[Compute Engine] is stopped
2022.12.06 22:46:55 INFO  app[][o.s.a.SchedulerImpl] Stopping [Web Server] process...
2022.12.06 22:46:56 INFO  app[][o.s.a.SchedulerImpl] Process[Web Server] is stopped
2022.12.06 22:46:56 INFO  app[][o.s.a.SchedulerImpl] Stopping [ElasticSearch] process...
2022.12.06 22:46:56 INFO  app[][o.s.a.SchedulerImpl] Process[ElasticSearch] is stopped
2022.12.06 22:46:56 INFO  app[][o.s.a.SchedulerImpl] SonarQube is stopped
